omarerc@ubuntu-24:~/Documents/projects/wrt/openwrt$ make package/network/utils/xdp-tools/{clean,compile} V=sc
WARNING: Makefile 'package/feeds/telephony/freeswitch/Makefile' has a dependency on 'libpcre', which does not exist
make[2]: Entering directory '/home/omarerc/Documents/projects/wrt/openwrt/scripts/config'
make[2]: 'conf' is up to date.
make[2]: Leaving directory '/home/omarerc/Documents/projects/wrt/openwrt/scripts/config'
make[1]: Entering directory '/home/omarerc/Documents/projects/wrt/openwrt'
make[2]: Entering directory '/home/omarerc/Documents/projects/wrt/openwrt/package/network/utils/xdp-tools'
rm -rf /home/omarerc/Documents/projects/wrt/openwrt/build_dir/target-aarch64_cortex-a53_musl/xdp-tools-1.4.3
/home/omarerc/Documents/projects/wrt/openwrt/scripts/ipkg-remove libxdp /home/omarerc/Documents/projects/wrt/openwrt/bin/targets/mvebu/cortexa53/packages/libxdp143_1.4.3-r1_aarch64_cortex-a53.ipk
rm -f /home/omarerc/Documents/projects/wrt/openwrt/staging_dir/target-aarch64_cortex-a53_musl/stamp/.xdp-tools_installed
rm -f /home/omarerc/Documents/projects/wrt/openwrt/staging_dir/target-aarch64_cortex-a53_musl/packages/xdp-tools.list
make[2]: Leaving directory '/home/omarerc/Documents/projects/wrt/openwrt/package/network/utils/xdp-tools'
time: package/network/utils/xdp-tools/clean#0.05#0.05#0.10
make[1]: Leaving directory '/home/omarerc/Documents/projects/wrt/openwrt'
WARNING: Makefile 'package/feeds/telephony/freeswitch/Makefile' has a dependency on 'libpcre', which does not exist
make[2]: Entering directory '/home/omarerc/Documents/projects/wrt/openwrt/scripts/config'
make[2]: 'conf' is up to date.
make[2]: Leaving directory '/home/omarerc/Documents/projects/wrt/openwrt/scripts/config'
make[1]: Entering directory '/home/omarerc/Documents/projects/wrt/openwrt'
+ mkdir -p /home/omarerc/Documents/projects/wrt/openwrt/staging_dir/target-aarch64_cortex-a53_musl
+ cd /home/omarerc/Documents/projects/wrt/openwrt/staging_dir/target-aarch64_cortex-a53_musl
+ mkdir -p bin lib stamp usr/include usr/lib
mkdir -p /home/omarerc/Documents/projects/wrt/openwrt/build_dir/target-aarch64_cortex-a53_musl/stamp
touch /home/omarerc/Documents/projects/wrt/openwrt/staging_dir/target-aarch64_cortex-a53_musl/.prepared
make[2]: Entering directory '/home/omarerc/Documents/projects/wrt/openwrt/package/libs/toolchain'
echo "libc" >> /home/omarerc/Documents/projects/wrt/openwrt/staging_dir/target-aarch64_cortex-a53_musl/pkginfo/toolchain.default.install
echo "libgcc" >> /home/omarerc/Documents/projects/wrt/openwrt/staging_dir/target-aarch64_cortex-a53_musl/pkginfo/toolchain.default.install
echo "libpthread" >> /home/omarerc/Documents/projects/wrt/openwrt/staging_dir/target-aarch64_cortex-a53_musl/pkginfo/toolchain.default.install
echo "librt" >> /home/omarerc/Documents/projects/wrt/openwrt/staging_dir/target-aarch64_cortex-a53_musl/pkginfo/toolchain.default.install
make[2]: Leaving directory '/home/omarerc/Documents/projects/wrt/openwrt/package/libs/toolchain'
time: package/libs/toolchain/compile#0.07#0.04#0.11
make[2]: Entering directory '/home/omarerc/Documents/projects/wrt/openwrt/package/kernel/bpf-headers'
make[2]: Leaving directory '/home/omarerc/Documents/projects/wrt/openwrt/package/kernel/bpf-headers'
time: package/kernel/bpf-headers/compile#0.58#0.23#0.65
make[2]: Entering directory '/home/omarerc/Documents/projects/wrt/openwrt/package/libs/zlib'
make[2]: Leaving directory '/home/omarerc/Documents/projects/wrt/openwrt/package/libs/zlib'
time: package/libs/zlib/compile#0.08#0.03#0.11
make[2]: Entering directory '/home/omarerc/Documents/projects/wrt/openwrt/package/utils/bzip2'
make[2]: Leaving directory '/home/omarerc/Documents/projects/wrt/openwrt/package/utils/bzip2'
time: package/utils/bzip2/compile#0.23#0.05#0.28
make[2]: Entering directory '/home/omarerc/Documents/projects/wrt/openwrt/package/libs/argp-standalone'
make[2]: Leaving directory '/home/omarerc/Documents/projects/wrt/openwrt/package/libs/argp-standalone'
time: package/libs/argp-standalone/compile#0.13#0.05#0.17
make[2]: Entering directory '/home/omarerc/Documents/projects/wrt/openwrt/package/libs/musl-fts'
make[2]: Leaving directory '/home/omarerc/Documents/projects/wrt/openwrt/package/libs/musl-fts'
time: package/libs/musl-fts/compile#0.16#0.06#0.22
make[2]: Entering directory '/home/omarerc/Documents/projects/wrt/openwrt/package/libs/elfutils'
make[2]: Leaving directory '/home/omarerc/Documents/projects/wrt/openwrt/package/libs/elfutils'
time: package/libs/elfutils/compile#0.09#0.04#0.13
make[2]: Entering directory '/home/omarerc/Documents/projects/wrt/openwrt/package/libs/libbpf'
make[2]: Leaving directory '/home/omarerc/Documents/projects/wrt/openwrt/package/libs/libbpf'
time: package/libs/libbpf/compile#0.06#0.04#0.09
make[2]: Entering directory '/home/omarerc/Documents/projects/wrt/openwrt/package/libs/libpcap'
make[2]: Leaving directory '/home/omarerc/Documents/projects/wrt/openwrt/package/libs/libpcap'
time: package/libs/libpcap/compile#0.06#0.03#0.09
make[2]: Entering directory '/home/omarerc/Documents/projects/wrt/openwrt/package/network/utils/xdp-tools'
touch /home/omarerc/Documents/projects/wrt/openwrt/build_dir/target-aarch64_cortex-a53_musl/xdp-tools-1.4.3/.prepared_09402d7bba31fbd61b7f89eaf5a050a6_6664517399ebbbc92a37c5bb081b5c53_check
. /home/omarerc/Documents/projects/wrt/openwrt/include/shell.sh; /home/omarerc/Documents/projects/wrt/openwrt/staging_dir/host/bin/libdeflate-gzip -dc /home/omarerc/Documents/projects/wrt/openwrt/dl/xdp-tools-1.4.3.tar.gz | tar -C /home/omarerc/Documents/projects/wrt/openwrt/build_dir/target-aarch64_cortex-a53_musl/xdp-tools-1.4.3/.. -xf -
[ ! -d ./src/ ] || cp -fpR ./src/. /home/omarerc/Documents/projects/wrt/openwrt/build_dir/target-aarch64_cortex-a53_musl/xdp-tools-1.4.3

Applying /home/omarerc/Documents/projects/wrt/openwrt/package/network/utils/xdp-tools/patches/010-configure-respect-LDFLAGS.patch using plaintext: 
patching file configure

Applying /home/omarerc/Documents/projects/wrt/openwrt/package/network/utils/xdp-tools/patches/020-libxdp-Use-__noinline__-reserved-attribute-for-XDP-d.patch using plaintext: 
patching file lib/libxdp/protocol.org
patching file lib/libxdp/xdp-dispatcher.c.in

Applying /home/omarerc/Documents/projects/wrt/openwrt/package/network/utils/xdp-tools/patches/021-headers-xdp-drop-vlan_hdr-as-already-defined.patch using plaintext: 
patching file headers/xdp/parsing_helpers.h

Applying /home/omarerc/Documents/projects/wrt/openwrt/package/network/utils/xdp-tools/patches/022-xdp-dump-add-missing-perf_event-include-for-bpf-and-.patch using plaintext: 
patching file xdp-dump/xdpdump_bpf.c
patching file xdp-dump/xdpdump_xdp.c

Applying /home/omarerc/Documents/projects/wrt/openwrt/package/network/utils/xdp-tools/patches/024-lib-allow-overwriting-W-flags-via-BPF_CFLAGS.patch using plaintext: 
patching file lib/common.mk
patching file lib/libxdp/Makefile

Applying /home/omarerc/Documents/projects/wrt/openwrt/package/network/utils/xdp-tools/patches/025-Add-BPF_LDFLAGS-to-allow-overwriting-llc-s-march-arg.patch using plaintext: 
patching file configure
patching file lib/common.mk
patching file lib/libxdp/Makefile

Applying /home/omarerc/Documents/projects/wrt/openwrt/package/network/utils/xdp-tools/patches/100-disable-bpftool.patch using plaintext: 
patching file configure
patch unexpectedly ends in middle of line
Hunk #1 succeeded at 140 with fuzz 1 (offset 2 lines).
touch /home/omarerc/Documents/projects/wrt/openwrt/build_dir/target-aarch64_cortex-a53_musl/xdp-tools-1.4.3/.prepared_09402d7bba31fbd61b7f89eaf5a050a6_6664517399ebbbc92a37c5bb081b5c53
rm -f /home/omarerc/Documents/projects/wrt/openwrt/build_dir/target-aarch64_cortex-a53_musl/xdp-tools-1.4.3/.configured_*
rm -f /home/omarerc/Documents/projects/wrt/openwrt/staging_dir/target-aarch64_cortex-a53_musl/stamp/.xdp-tools_installed
(cd /home/omarerc/Documents/projects/wrt/openwrt/build_dir/target-aarch64_cortex-a53_musl/xdp-tools-1.4.3/./; if [ -x ./configure ]; then find /home/omarerc/Documents/projects/wrt/openwrt/build_dir/target-aarch64_cortex-a53_musl/xdp-tools-1.4.3/ -name config.guess | xargs -r chmod u+w; find /home/omarerc/Documents/projects/wrt/openwrt/build_dir/target-aarch64_cortex-a53_musl/xdp-tools-1.4.3/ -name config.guess | xargs -r -n1 cp --remove-destination /home/omarerc/Documents/projects/wrt/openwrt/scripts/config.guess; find /home/omarerc/Documents/projects/wrt/openwrt/build_dir/target-aarch64_cortex-a53_musl/xdp-tools-1.4.3/ -name config.sub | xargs -r chmod u+w; find /home/omarerc/Documents/projects/wrt/openwrt/build_dir/target-aarch64_cortex-a53_musl/xdp-tools-1.4.3/ -name config.sub | xargs -r -n1 cp --remove-destination /home/omarerc/Documents/projects/wrt/openwrt/scripts/config.sub; AR="aarch64-openwrt-linux-musl-gcc-ar" AS="aarch64-openwrt-linux-musl-gcc -c -Os -pipe -mcpu=cortex-a53 -fno-caller-saves -fno-plt -fhonour-copts -fmacro-prefix-map=/home/omarerc/Documents/projects/wrt/openwrt/build_dir/target-aarch64_cortex-a53_musl/xdp-tools-1.4.3=xdp-tools-1.4.3 -Wformat -Werror=format-security -fstack-protector -D_FORTIFY_SOURCE=1 -Wl,-z,now -Wl,-z,relro  " LD="aarch64-openwrt-linux-musl-ld.bfd" NM="aarch64-openwrt-linux-musl-gcc-nm" CC="aarch64-openwrt-linux-musl-gcc" GCC="aarch64-openwrt-linux-musl-gcc" CXX="aarch64-openwrt-linux-musl-g++" RANLIB="aarch64-openwrt-linux-musl-gcc-ranlib" STRIP=aarch64-openwrt-linux-musl-strip OBJCOPY=aarch64-openwrt-linux-musl-objcopy OBJDUMP=aarch64-openwrt-linux-musl-objdump SIZE=aarch64-openwrt-linux-musl-size CFLAGS="-Os -pipe -mcpu=cortex-a53 -fno-caller-saves -fno-plt -fhonour-copts -fmacro-prefix-map=/home/omarerc/Documents/projects/wrt/openwrt/build_dir/target-aarch64_cortex-a53_musl/xdp-tools-1.4.3=xdp-tools-1.4.3 -Wformat -Werror=format-security -fstack-protector -D_FORTIFY_SOURCE=1 -Wl,-z,now -Wl,-z,relro   " CXXFLAGS="-Os -pipe -mcpu=cortex-a53 -fno-caller-saves -fno-plt -fhonour-copts -fmacro-prefix-map=/home/omarerc/Documents/projects/wrt/openwrt/build_dir/target-aarch64_cortex-a53_musl/xdp-tools-1.4.3=xdp-tools-1.4.3 -Wformat -Werror=format-security -fstack-protector -D_FORTIFY_SOURCE=1 -Wl,-z,now -Wl,-z,relro   " CPPFLAGS="-I/home/omarerc/Documents/projects/wrt/openwrt/staging_dir/toolchain-aarch64_cortex-a53_gcc-14.2.0_musl/usr/include -I/home/omarerc/Documents/projects/wrt/openwrt/staging_dir/toolchain-aarch64_cortex-a53_gcc-14.2.0_musl/include -I/home/omarerc/Documents/projects/wrt/openwrt/staging_dir/toolchain-aarch64_cortex-a53_gcc-14.2.0_musl/include/fortify   " LDFLAGS="-L/home/omarerc/Documents/projects/wrt/openwrt/staging_dir/toolchain-aarch64_cortex-a53_gcc-14.2.0_musl/usr/lib -L/home/omarerc/Documents/projects/wrt/openwrt/staging_dir/toolchain-aarch64_cortex-a53_gcc-14.2.0_musl/lib -fuse-ld=bfd -znow -zrelro    "  FORCE_SYSTEM_LIBBPF=1 CC="aarch64-openwrt-linux-musl-gcc" CFLAGS="-Os -pipe -mcpu=cortex-a53 -fno-caller-saves -fno-plt -fhonour-copts -fmacro-prefix-map=/home/omarerc/Documents/projects/wrt/openwrt/build_dir/target-aarch64_cortex-a53_musl/xdp-tools-1.4.3=xdp-tools-1.4.3 -Wformat -Werror=format-security -fstack-protector -D_FORTIFY_SOURCE=1 -Wl,-z,now -Wl,-z,relro  " LDFLAGS="-L/home/omarerc/Documents/projects/wrt/openwrt/staging_dir/toolchain-aarch64_cortex-a53_gcc-14.2.0_musl/usr/lib -L/home/omarerc/Documents/projects/wrt/openwrt/staging_dir/toolchain-aarch64_cortex-a53_gcc-14.2.0_musl/lib -fuse-ld=bfd -znow -zrelro   " CLANG="/home/omarerc/Documents/projects/wrt/openwrt/staging_dir/host/llvm-bpf/bin/clang" BPF_TARGET="mips64el-linux-gnu" LLC="/home/omarerc/Documents/projects/wrt/openwrt/staging_dir/host/llvm-bpf/bin//llc" BPF_LDFLAGS="-march=bpfel -mcpu=v3"  ./configure --target=aarch64-openwrt-linux --host=aarch64-openwrt-linux --build=x86_64-pc-linux-gnu --disable-dependency-tracking --program-prefix="" --program-suffix="" --prefix=/usr --exec-prefix=/usr --bindir=/usr/bin --sbindir=/usr/sbin --libexecdir=/usr/lib --sysconfdir=/etc --datadir=/usr/share --localstatedir=/var --mandir=/usr/man --infodir=/usr/info --disable-nls  ; fi; )
Found clang binary '/home/omarerc/Documents/projects/wrt/openwrt/staging_dir/host/llvm-bpf/bin/clang' with version 18 (from 'clang version 18.1.7')
/usr/sbin/bpftool
using bpftool v7.4.0
libbpf support: system v1.4.6
  perf_buffer__consume support: yes
  btf__load_from_kernel_by_id support: yes
  btf__type_cnt support: yes
  bpf_object__next_map support: yes
  bpf_object__next_program support: yes
  bpf_program__insn_cnt support: yes
  bpf_program__type support: yes
  bpf_program__flags support: yes
  bpf_program__expected_attach_type support: yes
  bpf_map_create support: yes
  perf_buffer__new_raw support: yes
  bpf_xdp_attach support: yes
  bpf_map__set_autocreate support: yes
  bpf_prog_test_run_opts support: yes
  bpf_xdp_query support: yes
secure_getenv support: yes
cap-ng support: yes
echo "BPF_CFLAGS += -nostdinc -isystem /home/omarerc/Documents/projects/wrt/openwrt/staging_dir/toolchain-aarch64_cortex-a53_gcc-14.2.0_musl/lib/gcc/*/*/include -isystem/home/omarerc/Documents/projects/wrt/openwrt/staging_dir/toolchain-aarch64_cortex-a53_gcc-14.2.0_musl/usr/include -isystem/home/omarerc/Documents/projects/wrt/openwrt/staging_dir/toolchain-aarch64_cortex-a53_gcc-14.2.0_musl/include -isystem/home/omarerc/Documents/projects/wrt/openwrt/staging_dir/toolchain-aarch64_cortex-a53_gcc-14.2.0_musl/include/fortify -I/home/omarerc/Documents/projects/wrt/openwrt/staging_dir/target-aarch64_cortex-a53_musl/bpf-headers/arch/mips/include -I/home/omarerc/Documents/projects/wrt/openwrt/staging_dir/target-aarch64_cortex-a53_musl/bpf-headers/arch/mips/include/asm/mach-generic -I/home/omarerc/Documents/projects/wrt/openwrt/staging_dir/target-aarch64_cortex-a53_musl/bpf-headers/arch/mips/include/generated -I/home/omarerc/Documents/projects/wrt/openwrt/staging_dir/target-aarch64_cortex-a53_musl/bpf-headers/include -I/home/omarerc/Documents/projects/wrt/openwrt/staging_dir/target-aarch64_cortex-a53_musl/bpf-headers/arch/mips/include/uapi -I/home/omarerc/Documents/projects/wrt/openwrt/staging_dir/target-aarch64_cortex-a53_musl/bpf-headers/arch/mips/include/generated/uapi -I/home/omarerc/Documents/projects/wrt/openwrt/staging_dir/target-aarch64_cortex-a53_musl/bpf-headers/include/uapi -I/home/omarerc/Documents/projects/wrt/openwrt/staging_dir/target-aarch64_cortex-a53_musl/bpf-headers/include/generated/uapi -I/home/omarerc/Documents/projects/wrt/openwrt/staging_dir/target-aarch64_cortex-a53_musl/bpf-headers/tools/lib -I/home/omarerc/Documents/projects/wrt/openwrt/staging_dir/target-aarch64_cortex-a53_musl/bpf-headers/tools/testing/selftests -I/home/omarerc/Documents/projects/wrt/openwrt/staging_dir/target-aarch64_cortex-a53_musl/bpf-headers/samples/bpf -include linux/kconfig.h -include asm_goto_workaround.h -I/home/omarerc/Documents/projects/wrt/openwrt/build_dir/target-aarch64_cortex-a53_musl/xdp-tools-1.4.3 -D__KERNEL__ -D__BPF_TRACING__ -DCONFIG_GENERIC_CSUM -D__TARGET_ARCH_mips -mlittle-endian -fno-stack-protector -Wall -Wno-unused-value -Wno-pointer-sign -Wno-compare-distinct-pointer-types -Wno-gnu-variable-sized-type-not-at-end -Wno-address-of-packed-member -Wno-tautological-compare -Wno-unknown-warning-option -fno-asynchronous-unwind-tables -Wno-uninitialized -Wno-unused-variable -Wno-unused-label -O2 -emit-llvm -Xclang -disable-llvm-passes -Wno-error -fno-stack-protector" >> /home/omarerc/Documents/projects/wrt/openwrt/build_dir/target-aarch64_cortex-a53_musl/xdp-tools-1.4.3/config.mk
touch /home/omarerc/Documents/projects/wrt/openwrt/build_dir/target-aarch64_cortex-a53_musl/xdp-tools-1.4.3/.configured_a17fb5ef857664f03cd0ce37cc5ea591
rm -f /home/omarerc/Documents/projects/wrt/openwrt/build_dir/target-aarch64_cortex-a53_musl/xdp-tools-1.4.3/.built
touch /home/omarerc/Documents/projects/wrt/openwrt/build_dir/target-aarch64_cortex-a53_musl/xdp-tools-1.4.3/.built_check
CFLAGS="-Os -pipe -mcpu=cortex-a53 -fno-caller-saves -fno-plt -fhonour-copts -fmacro-prefix-map=/home/omarerc/Documents/projects/wrt/openwrt/build_dir/target-aarch64_cortex-a53_musl/xdp-tools-1.4.3=xdp-tools-1.4.3 -Wformat -Werror=format-security -fstack-protector -D_FORTIFY_SOURCE=1 -Wl,-z,now -Wl,-z,relro    -I/home/omarerc/Documents/projects/wrt/openwrt/staging_dir/toolchain-aarch64_cortex-a53_gcc-14.2.0_musl/usr/include -I/home/omarerc/Documents/projects/wrt/openwrt/staging_dir/toolchain-aarch64_cortex-a53_gcc-14.2.0_musl/include -I/home/omarerc/Documents/projects/wrt/openwrt/staging_dir/toolchain-aarch64_cortex-a53_gcc-14.2.0_musl/include/fortify   " CXXFLAGS="-Os -pipe -mcpu=cortex-a53 -fno-caller-saves -fno-plt -fhonour-copts -fmacro-prefix-map=/home/omarerc/Documents/projects/wrt/openwrt/build_dir/target-aarch64_cortex-a53_musl/xdp-tools-1.4.3=xdp-tools-1.4.3 -Wformat -Werror=format-security -fstack-protector -D_FORTIFY_SOURCE=1 -Wl,-z,now -Wl,-z,relro    -I/home/omarerc/Documents/projects/wrt/openwrt/staging_dir/toolchain-aarch64_cortex-a53_gcc-14.2.0_musl/usr/include -I/home/omarerc/Documents/projects/wrt/openwrt/staging_dir/toolchain-aarch64_cortex-a53_gcc-14.2.0_musl/include -I/home/omarerc/Documents/projects/wrt/openwrt/staging_dir/toolchain-aarch64_cortex-a53_gcc-14.2.0_musl/include/fortify   " LDFLAGS="-L/home/omarerc/Documents/projects/wrt/openwrt/staging_dir/toolchain-aarch64_cortex-a53_gcc-14.2.0_musl/usr/lib -L/home/omarerc/Documents/projects/wrt/openwrt/staging_dir/toolchain-aarch64_cortex-a53_gcc-14.2.0_musl/lib -fuse-ld=bfd -znow -zrelro    " PREFIX=/usr RUNDIR=/tmp/run make  -C /home/omarerc/Documents/projects/wrt/openwrt/build_dir/target-aarch64_cortex-a53_musl/xdp-tools-1.4.3/. AR="aarch64-openwrt-linux-musl-gcc-ar" AS="aarch64-openwrt-linux-musl-gcc -c -Os -pipe -mcpu=cortex-a53 -fno-caller-saves -fno-plt -fhonour-copts -fmacro-prefix-map=/home/omarerc/Documents/projects/wrt/openwrt/build_dir/target-aarch64_cortex-a53_musl/xdp-tools-1.4.3=xdp-tools-1.4.3 -Wformat -Werror=format-security -fstack-protector -D_FORTIFY_SOURCE=1 -Wl,-z,now -Wl,-z,relro  " LD="aarch64-openwrt-linux-musl-ld.bfd" NM="aarch64-openwrt-linux-musl-gcc-nm" CC="aarch64-openwrt-linux-musl-gcc" GCC="aarch64-openwrt-linux-musl-gcc" CXX="aarch64-openwrt-linux-musl-g++" RANLIB="aarch64-openwrt-linux-musl-gcc-ranlib" STRIP=aarch64-openwrt-linux-musl-strip OBJCOPY=aarch64-openwrt-linux-musl-objcopy OBJDUMP=aarch64-openwrt-linux-musl-objdump SIZE=aarch64-openwrt-linux-musl-size CROSS="aarch64-openwrt-linux-musl-" ARCH="aarch64" V=1 ;
make[3]: Entering directory '/home/omarerc/Documents/projects/wrt/openwrt/build_dir/target-aarch64_cortex-a53_musl/xdp-tools-1.4.3'

lib
make[4]: Entering directory '/home/omarerc/Documents/projects/wrt/openwrt/build_dir/target-aarch64_cortex-a53_musl/xdp-tools-1.4.3/lib'

  libxdp
make[5]: Entering directory '/home/omarerc/Documents/projects/wrt/openwrt/build_dir/target-aarch64_cortex-a53_musl/xdp-tools-1.4.3/lib/libxdp'
mkdir -p ./staticobjs
aarch64-openwrt-linux-musl-gcc -Os -pipe -mcpu=cortex-a53 -fno-caller-saves -fno-plt -fhonour-copts -fmacro-prefix-map=/home/omarerc/Documents/projects/wrt/openwrt/build_dir/target-aarch64_cortex-a53_musl/xdp-tools-1.4.3=xdp-tools-1.4.3 -Wformat -Werror=format-security -fstack-protector -D_FORTIFY_SOURCE=1 -Wl,-z,now -Wl,-z,relro    -I/home/omarerc/Documents/projects/wrt/openwrt/staging_dir/toolchain-aarch64_cortex-a53_gcc-14.2.0_musl/usr/include -I/home/omarerc/Documents/projects/wrt/openwrt/staging_dir/toolchain-aarch64_cortex-a53_gcc-14.2.0_musl/include -I/home/omarerc/Documents/projects/wrt/openwrt/staging_dir/toolchain-aarch64_cortex-a53_gcc-14.2.0_musl/include/fortify    -I/home/omarerc/Documents/projects/wrt/openwrt/staging_dir/target-aarch64_cortex-a53_musl/usr/include -I/home/omarerc/Documents/projects/wrt/openwrt/staging_dir/target-aarch64_cortex-a53_musl/usr/include -std=gnu11 -Wextra -Werror -DBPF_DIR_MNT=\"/sys/fs/bpf\" -DBPF_OBJECT_PATH=\"/usr/lib/bpf\" -DMAX_DISPATCHER_ACTIONS=10 -DTOOLS_VERSION=\""1.4.3"\" -DLIBBPF_VERSION=\"1.4.6\" -DRUNDIR=\"/tmp/run\" -DHAVE_LIBBPF_PERF_BUFFER__CONSUME -DHAVE_LIBBPF_BTF__LOAD_FROM_KERNEL_BY_ID -DHAVE_LIBBPF_BTF__TYPE_CNT -DHAVE_LIBBPF_BPF_OBJECT__NEXT_MAP -DHAVE_LIBBPF_BPF_OBJECT__NEXT_PROGRAM -DHAVE_LIBBPF_BPF_PROGRAM__INSN_CNT -DHAVE_LIBBPF_BPF_PROGRAM__TYPE -DHAVE_LIBBPF_BPF_PROGRAM__FLAGS -DHAVE_LIBBPF_BPF_PROGRAM__EXPECTED_ATTACH_TYPE -DHAVE_LIBBPF_BPF_MAP_CREATE -DHAVE_LIBBPF_PERF_BUFFER__NEW_RAW -DHAVE_LIBBPF_BPF_XDP_ATTACH -DHAVE_LIBBPF_BPF_MAP__SET_AUTOCREATE -DHAVE_LIBBPF_BPF_PROG_TEST_RUN_OPTS -DHAVE_LIBBPF_BPF_XDP_QUERY -DHAVE_SECURE_GETENV -DDEBUG -DLIBBPF_DYNAMIC -D_LARGEFILE64_SOURCE -D_FILE_OFFSET_BITS=64  -I/home/omarerc/Documents/projects/wrt/openwrt/staging_dir/target-aarch64_cortex-a53_musl/usr/include -std=gnu11 -Wextra -Werror -DBPF_DIR_MNT=\"/sys/fs/bpf\" -DBPF_OBJECT_PATH=\"/usr/lib/bpf\" -DMAX_DISPATCHER_ACTIONS=10 -DTOOLS_VERSION=\""1.4.3"\" -DLIBBPF_VERSION=\"1.4.6\" -DRUNDIR=\"/tmp/run\" -DHAVE_LIBBPF_PERF_BUFFER__CONSUME -DHAVE_LIBBPF_BTF__LOAD_FROM_KERNEL_BY_ID -DHAVE_LIBBPF_BTF__TYPE_CNT -DHAVE_LIBBPF_BPF_OBJECT__NEXT_MAP -DHAVE_LIBBPF_BPF_OBJECT__NEXT_PROGRAM -DHAVE_LIBBPF_BPF_PROGRAM__INSN_CNT -DHAVE_LIBBPF_BPF_PROGRAM__TYPE -DHAVE_LIBBPF_BPF_PROGRAM__FLAGS -DHAVE_LIBBPF_BPF_PROGRAM__EXPECTED_ATTACH_TYPE -DHAVE_LIBBPF_BPF_MAP_CREATE -DHAVE_LIBBPF_PERF_BUFFER__NEW_RAW -DHAVE_LIBBPF_BPF_XDP_ATTACH -DHAVE_LIBBPF_BPF_MAP__SET_AUTOCREATE -DHAVE_LIBBPF_BPF_PROG_TEST_RUN_OPTS -DHAVE_LIBBPF_BPF_XDP_QUERY -DHAVE_SECURE_GETENV -DDEBUG -DLIBBPF_DYNAMIC -D_LARGEFILE64_SOURCE -D_FILE_OFFSET_BITS=64  -I../../headers  -D LIBXDP_STATIC=1 -Wall -I../../headers -c libxdp.c -o staticobjs/libxdp.o
aarch64-openwrt-linux-musl-gcc -Os -pipe -mcpu=cortex-a53 -fno-caller-saves -fno-plt -fhonour-copts -fmacro-prefix-map=/home/omarerc/Documents/projects/wrt/openwrt/build_dir/target-aarch64_cortex-a53_musl/xdp-tools-1.4.3=xdp-tools-1.4.3 -Wformat -Werror=format-security -fstack-protector -D_FORTIFY_SOURCE=1 -Wl,-z,now -Wl,-z,relro    -I/home/omarerc/Documents/projects/wrt/openwrt/staging_dir/toolchain-aarch64_cortex-a53_gcc-14.2.0_musl/usr/include -I/home/omarerc/Documents/projects/wrt/openwrt/staging_dir/toolchain-aarch64_cortex-a53_gcc-14.2.0_musl/include -I/home/omarerc/Documents/projects/wrt/openwrt/staging_dir/toolchain-aarch64_cortex-a53_gcc-14.2.0_musl/include/fortify    -I/home/omarerc/Documents/projects/wrt/openwrt/staging_dir/target-aarch64_cortex-a53_musl/usr/include -I/home/omarerc/Documents/projects/wrt/openwrt/staging_dir/target-aarch64_cortex-a53_musl/usr/include -std=gnu11 -Wextra -Werror -DBPF_DIR_MNT=\"/sys/fs/bpf\" -DBPF_OBJECT_PATH=\"/usr/lib/bpf\" -DMAX_DISPATCHER_ACTIONS=10 -DTOOLS_VERSION=\""1.4.3"\" -DLIBBPF_VERSION=\"1.4.6\" -DRUNDIR=\"/tmp/run\" -DHAVE_LIBBPF_PERF_BUFFER__CONSUME -DHAVE_LIBBPF_BTF__LOAD_FROM_KERNEL_BY_ID -DHAVE_LIBBPF_BTF__TYPE_CNT -DHAVE_LIBBPF_BPF_OBJECT__NEXT_MAP -DHAVE_LIBBPF_BPF_OBJECT__NEXT_PROGRAM -DHAVE_LIBBPF_BPF_PROGRAM__INSN_CNT -DHAVE_LIBBPF_BPF_PROGRAM__TYPE -DHAVE_LIBBPF_BPF_PROGRAM__FLAGS -DHAVE_LIBBPF_BPF_PROGRAM__EXPECTED_ATTACH_TYPE -DHAVE_LIBBPF_BPF_MAP_CREATE -DHAVE_LIBBPF_PERF_BUFFER__NEW_RAW -DHAVE_LIBBPF_BPF_XDP_ATTACH -DHAVE_LIBBPF_BPF_MAP__SET_AUTOCREATE -DHAVE_LIBBPF_BPF_PROG_TEST_RUN_OPTS -DHAVE_LIBBPF_BPF_XDP_QUERY -DHAVE_SECURE_GETENV -DDEBUG -DLIBBPF_DYNAMIC -D_LARGEFILE64_SOURCE -D_FILE_OFFSET_BITS=64  -I/home/omarerc/Documents/projects/wrt/openwrt/staging_dir/target-aarch64_cortex-a53_musl/usr/include -std=gnu11 -Wextra -Werror -DBPF_DIR_MNT=\"/sys/fs/bpf\" -DBPF_OBJECT_PATH=\"/usr/lib/bpf\" -DMAX_DISPATCHER_ACTIONS=10 -DTOOLS_VERSION=\""1.4.3"\" -DLIBBPF_VERSION=\"1.4.6\" -DRUNDIR=\"/tmp/run\" -DHAVE_LIBBPF_PERF_BUFFER__CONSUME -DHAVE_LIBBPF_BTF__LOAD_FROM_KERNEL_BY_ID -DHAVE_LIBBPF_BTF__TYPE_CNT -DHAVE_LIBBPF_BPF_OBJECT__NEXT_MAP -DHAVE_LIBBPF_BPF_OBJECT__NEXT_PROGRAM -DHAVE_LIBBPF_BPF_PROGRAM__INSN_CNT -DHAVE_LIBBPF_BPF_PROGRAM__TYPE -DHAVE_LIBBPF_BPF_PROGRAM__FLAGS -DHAVE_LIBBPF_BPF_PROGRAM__EXPECTED_ATTACH_TYPE -DHAVE_LIBBPF_BPF_MAP_CREATE -DHAVE_LIBBPF_PERF_BUFFER__NEW_RAW -DHAVE_LIBBPF_BPF_XDP_ATTACH -DHAVE_LIBBPF_BPF_MAP__SET_AUTOCREATE -DHAVE_LIBBPF_BPF_PROG_TEST_RUN_OPTS -DHAVE_LIBBPF_BPF_XDP_QUERY -DHAVE_SECURE_GETENV -DDEBUG -DLIBBPF_DYNAMIC -D_LARGEFILE64_SOURCE -D_FILE_OFFSET_BITS=64  -I../../headers  -D LIBXDP_STATIC=1 -Wall -I../../headers -c xsk.c -o staticobjs/xsk.o
/home/omarerc/Documents/projects/wrt/openwrt/staging_dir/host/bin/m4 -DBPF_DIR_MNT=\"/sys/fs/bpf\" -DBPF_OBJECT_PATH=\"/usr/lib/bpf\" -DMAX_DISPATCHER_ACTIONS=10 -DTOOLS_VERSION=\""1.4.3"\" -DLIBBPF_VERSION=\"1.4.6\" -DRUNDIR=\"/tmp/run\" -DHAVE_LIBBPF_PERF_BUFFER__CONSUME -DHAVE_LIBBPF_BTF__LOAD_FROM_KERNEL_BY_ID -DHAVE_LIBBPF_BTF__TYPE_CNT -DHAVE_LIBBPF_BPF_OBJECT__NEXT_MAP -DHAVE_LIBBPF_BPF_OBJECT__NEXT_PROGRAM -DHAVE_LIBBPF_BPF_PROGRAM__INSN_CNT -DHAVE_LIBBPF_BPF_PROGRAM__TYPE -DHAVE_LIBBPF_BPF_PROGRAM__FLAGS -DHAVE_LIBBPF_BPF_PROGRAM__EXPECTED_ATTACH_TYPE -DHAVE_LIBBPF_BPF_MAP_CREATE -DHAVE_LIBBPF_PERF_BUFFER__NEW_RAW -DHAVE_LIBBPF_BPF_XDP_ATTACH -DHAVE_LIBBPF_BPF_MAP__SET_AUTOCREATE -DHAVE_LIBBPF_BPF_PROG_TEST_RUN_OPTS -DHAVE_LIBBPF_BPF_XDP_QUERY -DHAVE_SECURE_GETENV -DDEBUG -DLIBBPF_DYNAMIC -D_LARGEFILE64_SOURCE -D_FILE_OFFSET_BITS=64 xdp-dispatcher.c.in > xdp-dispatcher.c || ( ret=$?; rm -f xdp-dispatcher.c; exit $ret )
/home/omarerc/Documents/projects/wrt/openwrt/staging_dir/host/llvm-bpf/bin/clang -S \
    -target mips64el-linux-gnu \
    -D __BPF_TRACING__ \
    -Wall \
    -Wno-unused-value \
    -Wno-pointer-sign \
    -Wno-compare-distinct-pointer-types \
    -Werror \
    -Wno-visibility -fno-stack-protector -nostdinc -isystem /home/omarerc/Documents/projects/wrt/openwrt/staging_dir/toolchain-aarch64_cortex-a53_gcc-14.2.0_musl/lib/gcc/*/*/include -isystem/home/omarerc/Documents/projects/wrt/openwrt/staging_dir/toolchain-aarch64_cortex-a53_gcc-14.2.0_musl/usr/include -isystem/home/omarerc/Documents/projects/wrt/openwrt/staging_dir/toolchain-aarch64_cortex-a53_gcc-14.2.0_musl/include -isystem/home/omarerc/Documents/projects/wrt/openwrt/staging_dir/toolchain-aarch64_cortex-a53_gcc-14.2.0_musl/include/fortify -I/home/omarerc/Documents/projects/wrt/openwrt/staging_dir/target-aarch64_cortex-a53_musl/bpf-headers/arch/mips/include -I/home/omarerc/Documents/projects/wrt/openwrt/staging_dir/target-aarch64_cortex-a53_musl/bpf-headers/arch/mips/include/asm/mach-generic -I/home/omarerc/Documents/projects/wrt/openwrt/staging_dir/target-aarch64_cortex-a53_musl/bpf-headers/arch/mips/include/generated -I/home/omarerc/Documents/projects/wrt/openwrt/staging_dir/target-aarch64_cortex-a53_musl/bpf-headers/include -I/home/omarerc/Documents/projects/wrt/openwrt/staging_dir/target-aarch64_cortex-a53_musl/bpf-headers/arch/mips/include/uapi -I/home/omarerc/Documents/projects/wrt/openwrt/staging_dir/target-aarch64_cortex-a53_musl/bpf-headers/arch/mips/include/generated/uapi -I/home/omarerc/Documents/projects/wrt/openwrt/staging_dir/target-aarch64_cortex-a53_musl/bpf-headers/include/uapi -I/home/omarerc/Documents/projects/wrt/openwrt/staging_dir/target-aarch64_cortex-a53_musl/bpf-headers/include/generated/uapi -I/home/omarerc/Documents/projects/wrt/openwrt/staging_dir/target-aarch64_cortex-a53_musl/bpf-headers/tools/lib -I/home/omarerc/Documents/projects/wrt/openwrt/staging_dir/target-aarch64_cortex-a53_musl/bpf-headers/tools/testing/selftests -I/home/omarerc/Documents/projects/wrt/openwrt/staging_dir/target-aarch64_cortex-a53_musl/bpf-headers/samples/bpf -include linux/kconfig.h -include asm_goto_workaround.h -I/home/omarerc/Documents/projects/wrt/openwrt/build_dir/target-aarch64_cortex-a53_musl/xdp-tools-1.4.3 -D__KERNEL__ -D__BPF_TRACING__ -DCONFIG_GENERIC_CSUM -D__TARGET_ARCH_mips -mlittle-endian -fno-stack-protector -Wall -Wno-unused-value -Wno-pointer-sign -Wno-compare-distinct-pointer-types -Wno-gnu-variable-sized-type-not-at-end -Wno-address-of-packed-member -Wno-tautological-compare -Wno-unknown-warning-option -fno-asynchronous-unwind-tables -Wno-uninitialized -Wno-unused-variable -Wno-unused-label -O2 -emit-llvm -Xclang -disable-llvm-passes -Wno-error -fno-stack-protector -DBPF_DIR_MNT=\"/sys/fs/bpf\" -DBPF_OBJECT_PATH=\"/usr/lib/bpf\" -DMAX_DISPATCHER_ACTIONS=10 -DTOOLS_VERSION=\""1.4.3"\" -DLIBBPF_VERSION=\"1.4.6\" -DRUNDIR=\"/tmp/run\" -DHAVE_LIBBPF_PERF_BUFFER__CONSUME -DHAVE_LIBBPF_BTF__LOAD_FROM_KERNEL_BY_ID -DHAVE_LIBBPF_BTF__TYPE_CNT -DHAVE_LIBBPF_BPF_OBJECT__NEXT_MAP -DHAVE_LIBBPF_BPF_OBJECT__NEXT_PROGRAM -DHAVE_LIBBPF_BPF_PROGRAM__INSN_CNT -DHAVE_LIBBPF_BPF_PROGRAM__TYPE -DHAVE_LIBBPF_BPF_PROGRAM__FLAGS -DHAVE_LIBBPF_BPF_PROGRAM__EXPECTED_ATTACH_TYPE -DHAVE_LIBBPF_BPF_MAP_CREATE -DHAVE_LIBBPF_PERF_BUFFER__NEW_RAW -DHAVE_LIBBPF_BPF_XDP_ATTACH -DHAVE_LIBBPF_BPF_MAP__SET_AUTOCREATE -DHAVE_LIBBPF_BPF_PROG_TEST_RUN_OPTS -DHAVE_LIBBPF_BPF_XDP_QUERY -DHAVE_SECURE_GETENV -DDEBUG -DLIBBPF_DYNAMIC -D_LARGEFILE64_SOURCE -D_FILE_OFFSET_BITS=64   -I../../headers  \
    -O2 -emit-llvm -c -g -o xdp-dispatcher.ll xdp-dispatcher.c
/home/omarerc/Documents/projects/wrt/openwrt/staging_dir/host/llvm-bpf/bin//llc -march=bpfel -mcpu=v3 -filetype=obj -o xdp-dispatcher.o xdp-dispatcher.ll
aarch64-openwrt-linux-musl-ld.bfd -r -b binary -o xdp-dispatcher.embed.o -z noexecstack --format=binary xdp-dispatcher.o
aarch64-openwrt-linux-musl-objcopy  --rename-section .data=.rodata,alloc,load,readonly,data,contents xdp-dispatcher.embed.o
/home/omarerc/Documents/projects/wrt/openwrt/staging_dir/host/llvm-bpf/bin/clang -S \
    -target mips64el-linux-gnu \
    -D __BPF_TRACING__ \
    -Wall \
    -Wno-unused-value \
    -Wno-pointer-sign \
    -Wno-compare-distinct-pointer-types \
    -Werror \
    -Wno-visibility -fno-stack-protector -nostdinc -isystem /home/omarerc/Documents/projects/wrt/openwrt/staging_dir/toolchain-aarch64_cortex-a53_gcc-14.2.0_musl/lib/gcc/*/*/include -isystem/home/omarerc/Documents/projects/wrt/openwrt/staging_dir/toolchain-aarch64_cortex-a53_gcc-14.2.0_musl/usr/include -isystem/home/omarerc/Documents/projects/wrt/openwrt/staging_dir/toolchain-aarch64_cortex-a53_gcc-14.2.0_musl/include -isystem/home/omarerc/Documents/projects/wrt/openwrt/staging_dir/toolchain-aarch64_cortex-a53_gcc-14.2.0_musl/include/fortify -I/home/omarerc/Documents/projects/wrt/openwrt/staging_dir/target-aarch64_cortex-a53_musl/bpf-headers/arch/mips/include -I/home/omarerc/Documents/projects/wrt/openwrt/staging_dir/target-aarch64_cortex-a53_musl/bpf-headers/arch/mips/include/asm/mach-generic -I/home/omarerc/Documents/projects/wrt/openwrt/staging_dir/target-aarch64_cortex-a53_musl/bpf-headers/arch/mips/include/generated -I/home/omarerc/Documents/projects/wrt/openwrt/staging_dir/target-aarch64_cortex-a53_musl/bpf-headers/include -I/home/omarerc/Documents/projects/wrt/openwrt/staging_dir/target-aarch64_cortex-a53_musl/bpf-headers/arch/mips/include/uapi -I/home/omarerc/Documents/projects/wrt/openwrt/staging_dir/target-aarch64_cortex-a53_musl/bpf-headers/arch/mips/include/generated/uapi -I/home/omarerc/Documents/projects/wrt/openwrt/staging_dir/target-aarch64_cortex-a53_musl/bpf-headers/include/uapi -I/home/omarerc/Documents/projects/wrt/openwrt/staging_dir/target-aarch64_cortex-a53_musl/bpf-headers/include/generated/uapi -I/home/omarerc/Documents/projects/wrt/openwrt/staging_dir/target-aarch64_cortex-a53_musl/bpf-headers/tools/lib -I/home/omarerc/Documents/projects/wrt/openwrt/staging_dir/target-aarch64_cortex-a53_musl/bpf-headers/tools/testing/selftests -I/home/omarerc/Documents/projects/wrt/openwrt/staging_dir/target-aarch64_cortex-a53_musl/bpf-headers/samples/bpf -include linux/kconfig.h -include asm_goto_workaround.h -I/home/omarerc/Documents/projects/wrt/openwrt/build_dir/target-aarch64_cortex-a53_musl/xdp-tools-1.4.3 -D__KERNEL__ -D__BPF_TRACING__ -DCONFIG_GENERIC_CSUM -D__TARGET_ARCH_mips -mlittle-endian -fno-stack-protector -Wall -Wno-unused-value -Wno-pointer-sign -Wno-compare-distinct-pointer-types -Wno-gnu-variable-sized-type-not-at-end -Wno-address-of-packed-member -Wno-tautological-compare -Wno-unknown-warning-option -fno-asynchronous-unwind-tables -Wno-uninitialized -Wno-unused-variable -Wno-unused-label -O2 -emit-llvm -Xclang -disable-llvm-passes -Wno-error -fno-stack-protector -DBPF_DIR_MNT=\"/sys/fs/bpf\" -DBPF_OBJECT_PATH=\"/usr/lib/bpf\" -DMAX_DISPATCHER_ACTIONS=10 -DTOOLS_VERSION=\""1.4.3"\" -DLIBBPF_VERSION=\"1.4.6\" -DRUNDIR=\"/tmp/run\" -DHAVE_LIBBPF_PERF_BUFFER__CONSUME -DHAVE_LIBBPF_BTF__LOAD_FROM_KERNEL_BY_ID -DHAVE_LIBBPF_BTF__TYPE_CNT -DHAVE_LIBBPF_BPF_OBJECT__NEXT_MAP -DHAVE_LIBBPF_BPF_OBJECT__NEXT_PROGRAM -DHAVE_LIBBPF_BPF_PROGRAM__INSN_CNT -DHAVE_LIBBPF_BPF_PROGRAM__TYPE -DHAVE_LIBBPF_BPF_PROGRAM__FLAGS -DHAVE_LIBBPF_BPF_PROGRAM__EXPECTED_ATTACH_TYPE -DHAVE_LIBBPF_BPF_MAP_CREATE -DHAVE_LIBBPF_PERF_BUFFER__NEW_RAW -DHAVE_LIBBPF_BPF_XDP_ATTACH -DHAVE_LIBBPF_BPF_MAP__SET_AUTOCREATE -DHAVE_LIBBPF_BPF_PROG_TEST_RUN_OPTS -DHAVE_LIBBPF_BPF_XDP_QUERY -DHAVE_SECURE_GETENV -DDEBUG -DLIBBPF_DYNAMIC -D_LARGEFILE64_SOURCE -D_FILE_OFFSET_BITS=64   -I../../headers  \
    -O2 -emit-llvm -c -g -o xsk_def_xdp_prog.ll xsk_def_xdp_prog.c
/home/omarerc/Documents/projects/wrt/openwrt/staging_dir/host/llvm-bpf/bin//llc -march=bpfel -mcpu=v3 -filetype=obj -o xsk_def_xdp_prog.o xsk_def_xdp_prog.ll
aarch64-openwrt-linux-musl-ld.bfd -r -b binary -o xsk_def_xdp_prog.embed.o -z noexecstack --format=binary xsk_def_xdp_prog.o
aarch64-openwrt-linux-musl-objcopy  --rename-section .data=.rodata,alloc,load,readonly,data,contents xsk_def_xdp_prog.embed.o
/home/omarerc/Documents/projects/wrt/openwrt/staging_dir/host/llvm-bpf/bin/clang -S \
    -target mips64el-linux-gnu \
    -D __BPF_TRACING__ \
    -Wall \
    -Wno-unused-value \
    -Wno-pointer-sign \
    -Wno-compare-distinct-pointer-types \
    -Werror \
    -Wno-visibility -fno-stack-protector -nostdinc -isystem /home/omarerc/Documents/projects/wrt/openwrt/staging_dir/toolchain-aarch64_cortex-a53_gcc-14.2.0_musl/lib/gcc/*/*/include -isystem/home/omarerc/Documents/projects/wrt/openwrt/staging_dir/toolchain-aarch64_cortex-a53_gcc-14.2.0_musl/usr/include -isystem/home/omarerc/Documents/projects/wrt/openwrt/staging_dir/toolchain-aarch64_cortex-a53_gcc-14.2.0_musl/include -isystem/home/omarerc/Documents/projects/wrt/openwrt/staging_dir/toolchain-aarch64_cortex-a53_gcc-14.2.0_musl/include/fortify -I/home/omarerc/Documents/projects/wrt/openwrt/staging_dir/target-aarch64_cortex-a53_musl/bpf-headers/arch/mips/include -I/home/omarerc/Documents/projects/wrt/openwrt/staging_dir/target-aarch64_cortex-a53_musl/bpf-headers/arch/mips/include/asm/mach-generic -I/home/omarerc/Documents/projects/wrt/openwrt/staging_dir/target-aarch64_cortex-a53_musl/bpf-headers/arch/mips/include/generated -I/home/omarerc/Documents/projects/wrt/openwrt/staging_dir/target-aarch64_cortex-a53_musl/bpf-headers/include -I/home/omarerc/Documents/projects/wrt/openwrt/staging_dir/target-aarch64_cortex-a53_musl/bpf-headers/arch/mips/include/uapi -I/home/omarerc/Documents/projects/wrt/openwrt/staging_dir/target-aarch64_cortex-a53_musl/bpf-headers/arch/mips/include/generated/uapi -I/home/omarerc/Documents/projects/wrt/openwrt/staging_dir/target-aarch64_cortex-a53_musl/bpf-headers/include/uapi -I/home/omarerc/Documents/projects/wrt/openwrt/staging_dir/target-aarch64_cortex-a53_musl/bpf-headers/include/generated/uapi -I/home/omarerc/Documents/projects/wrt/openwrt/staging_dir/target-aarch64_cortex-a53_musl/bpf-headers/tools/lib -I/home/omarerc/Documents/projects/wrt/openwrt/staging_dir/target-aarch64_cortex-a53_musl/bpf-headers/tools/testing/selftests -I/home/omarerc/Documents/projects/wrt/openwrt/staging_dir/target-aarch64_cortex-a53_musl/bpf-headers/samples/bpf -include linux/kconfig.h -include asm_goto_workaround.h -I/home/omarerc/Documents/projects/wrt/openwrt/build_dir/target-aarch64_cortex-a53_musl/xdp-tools-1.4.3 -D__KERNEL__ -D__BPF_TRACING__ -DCONFIG_GENERIC_CSUM -D__TARGET_ARCH_mips -mlittle-endian -fno-stack-protector -Wall -Wno-unused-value -Wno-pointer-sign -Wno-compare-distinct-pointer-types -Wno-gnu-variable-sized-type-not-at-end -Wno-address-of-packed-member -Wno-tautological-compare -Wno-unknown-warning-option -fno-asynchronous-unwind-tables -Wno-uninitialized -Wno-unused-variable -Wno-unused-label -O2 -emit-llvm -Xclang -disable-llvm-passes -Wno-error -fno-stack-protector -DBPF_DIR_MNT=\"/sys/fs/bpf\" -DBPF_OBJECT_PATH=\"/usr/lib/bpf\" -DMAX_DISPATCHER_ACTIONS=10 -DTOOLS_VERSION=\""1.4.3"\" -DLIBBPF_VERSION=\"1.4.6\" -DRUNDIR=\"/tmp/run\" -DHAVE_LIBBPF_PERF_BUFFER__CONSUME -DHAVE_LIBBPF_BTF__LOAD_FROM_KERNEL_BY_ID -DHAVE_LIBBPF_BTF__TYPE_CNT -DHAVE_LIBBPF_BPF_OBJECT__NEXT_MAP -DHAVE_LIBBPF_BPF_OBJECT__NEXT_PROGRAM -DHAVE_LIBBPF_BPF_PROGRAM__INSN_CNT -DHAVE_LIBBPF_BPF_PROGRAM__TYPE -DHAVE_LIBBPF_BPF_PROGRAM__FLAGS -DHAVE_LIBBPF_BPF_PROGRAM__EXPECTED_ATTACH_TYPE -DHAVE_LIBBPF_BPF_MAP_CREATE -DHAVE_LIBBPF_PERF_BUFFER__NEW_RAW -DHAVE_LIBBPF_BPF_XDP_ATTACH -DHAVE_LIBBPF_BPF_MAP__SET_AUTOCREATE -DHAVE_LIBBPF_BPF_PROG_TEST_RUN_OPTS -DHAVE_LIBBPF_BPF_XDP_QUERY -DHAVE_SECURE_GETENV -DDEBUG -DLIBBPF_DYNAMIC -D_LARGEFILE64_SOURCE -D_FILE_OFFSET_BITS=64   -I../../headers  \
    -O2 -emit-llvm -c -g -o xsk_def_xdp_prog_5.3.ll xsk_def_xdp_prog_5.3.c
/home/omarerc/Documents/projects/wrt/openwrt/staging_dir/host/llvm-bpf/bin//llc -march=bpfel -mcpu=v3 -filetype=obj -o xsk_def_xdp_prog_5.3.o xsk_def_xdp_prog_5.3.ll
aarch64-openwrt-linux-musl-ld.bfd -r -b binary -o xsk_def_xdp_prog_5.3.embed.o -z noexecstack --format=binary xsk_def_xdp_prog_5.3.o
aarch64-openwrt-linux-musl-objcopy  --rename-section .data=.rodata,alloc,load,readonly,data,contents xsk_def_xdp_prog_5.3.embed.o
aarch64-openwrt-linux-musl-gcc-ar rcs libxdp.a staticobjs/libxdp.o staticobjs/xsk.o xdp-dispatcher.embed.o xsk_def_xdp_prog.embed.o xsk_def_xdp_prog_5.3.embed.o
mkdir -p ./sharedobjs
aarch64-openwrt-linux-musl-gcc -Os -pipe -mcpu=cortex-a53 -fno-caller-saves -fno-plt -fhonour-copts -fmacro-prefix-map=/home/omarerc/Documents/projects/wrt/openwrt/build_dir/target-aarch64_cortex-a53_musl/xdp-tools-1.4.3=xdp-tools-1.4.3 -Wformat -Werror=format-security -fstack-protector -D_FORTIFY_SOURCE=1 -Wl,-z,now -Wl,-z,relro    -I/home/omarerc/Documents/projects/wrt/openwrt/staging_dir/toolchain-aarch64_cortex-a53_gcc-14.2.0_musl/usr/include -I/home/omarerc/Documents/projects/wrt/openwrt/staging_dir/toolchain-aarch64_cortex-a53_gcc-14.2.0_musl/include -I/home/omarerc/Documents/projects/wrt/openwrt/staging_dir/toolchain-aarch64_cortex-a53_gcc-14.2.0_musl/include/fortify    -I/home/omarerc/Documents/projects/wrt/openwrt/staging_dir/target-aarch64_cortex-a53_musl/usr/include -I/home/omarerc/Documents/projects/wrt/openwrt/staging_dir/target-aarch64_cortex-a53_musl/usr/include -std=gnu11 -Wextra -Werror -DBPF_DIR_MNT=\"/sys/fs/bpf\" -DBPF_OBJECT_PATH=\"/usr/lib/bpf\" -DMAX_DISPATCHER_ACTIONS=10 -DTOOLS_VERSION=\""1.4.3"\" -DLIBBPF_VERSION=\"1.4.6\" -DRUNDIR=\"/tmp/run\" -DHAVE_LIBBPF_PERF_BUFFER__CONSUME -DHAVE_LIBBPF_BTF__LOAD_FROM_KERNEL_BY_ID -DHAVE_LIBBPF_BTF__TYPE_CNT -DHAVE_LIBBPF_BPF_OBJECT__NEXT_MAP -DHAVE_LIBBPF_BPF_OBJECT__NEXT_PROGRAM -DHAVE_LIBBPF_BPF_PROGRAM__INSN_CNT -DHAVE_LIBBPF_BPF_PROGRAM__TYPE -DHAVE_LIBBPF_BPF_PROGRAM__FLAGS -DHAVE_LIBBPF_BPF_PROGRAM__EXPECTED_ATTACH_TYPE -DHAVE_LIBBPF_BPF_MAP_CREATE -DHAVE_LIBBPF_PERF_BUFFER__NEW_RAW -DHAVE_LIBBPF_BPF_XDP_ATTACH -DHAVE_LIBBPF_BPF_MAP__SET_AUTOCREATE -DHAVE_LIBBPF_BPF_PROG_TEST_RUN_OPTS -DHAVE_LIBBPF_BPF_XDP_QUERY -DHAVE_SECURE_GETENV -DDEBUG -DLIBBPF_DYNAMIC -D_LARGEFILE64_SOURCE -D_FILE_OFFSET_BITS=64  -I/home/omarerc/Documents/projects/wrt/openwrt/staging_dir/target-aarch64_cortex-a53_musl/usr/include -std=gnu11 -Wextra -Werror -DBPF_DIR_MNT=\"/sys/fs/bpf\" -DBPF_OBJECT_PATH=\"/usr/lib/bpf\" -DMAX_DISPATCHER_ACTIONS=10 -DTOOLS_VERSION=\""1.4.3"\" -DLIBBPF_VERSION=\"1.4.6\" -DRUNDIR=\"/tmp/run\" -DHAVE_LIBBPF_PERF_BUFFER__CONSUME -DHAVE_LIBBPF_BTF__LOAD_FROM_KERNEL_BY_ID -DHAVE_LIBBPF_BTF__TYPE_CNT -DHAVE_LIBBPF_BPF_OBJECT__NEXT_MAP -DHAVE_LIBBPF_BPF_OBJECT__NEXT_PROGRAM -DHAVE_LIBBPF_BPF_PROGRAM__INSN_CNT -DHAVE_LIBBPF_BPF_PROGRAM__TYPE -DHAVE_LIBBPF_BPF_PROGRAM__FLAGS -DHAVE_LIBBPF_BPF_PROGRAM__EXPECTED_ATTACH_TYPE -DHAVE_LIBBPF_BPF_MAP_CREATE -DHAVE_LIBBPF_PERF_BUFFER__NEW_RAW -DHAVE_LIBBPF_BPF_XDP_ATTACH -DHAVE_LIBBPF_BPF_MAP__SET_AUTOCREATE -DHAVE_LIBBPF_BPF_PROG_TEST_RUN_OPTS -DHAVE_LIBBPF_BPF_XDP_QUERY -DHAVE_SECURE_GETENV -DDEBUG -DLIBBPF_DYNAMIC -D_LARGEFILE64_SOURCE -D_FILE_OFFSET_BITS=64  -I../../headers  -fPIC -DSHARED -Wall -I../../headers -c libxdp.c -o sharedobjs/libxdp.o
aarch64-openwrt-linux-musl-gcc -Os -pipe -mcpu=cortex-a53 -fno-caller-saves -fno-plt -fhonour-copts -fmacro-prefix-map=/home/omarerc/Documents/projects/wrt/openwrt/build_dir/target-aarch64_cortex-a53_musl/xdp-tools-1.4.3=xdp-tools-1.4.3 -Wformat -Werror=format-security -fstack-protector -D_FORTIFY_SOURCE=1 -Wl,-z,now -Wl,-z,relro    -I/home/omarerc/Documents/projects/wrt/openwrt/staging_dir/toolchain-aarch64_cortex-a53_gcc-14.2.0_musl/usr/include -I/home/omarerc/Documents/projects/wrt/openwrt/staging_dir/toolchain-aarch64_cortex-a53_gcc-14.2.0_musl/include -I/home/omarerc/Documents/projects/wrt/openwrt/staging_dir/toolchain-aarch64_cortex-a53_gcc-14.2.0_musl/include/fortify    -I/home/omarerc/Documents/projects/wrt/openwrt/staging_dir/target-aarch64_cortex-a53_musl/usr/include -I/home/omarerc/Documents/projects/wrt/openwrt/staging_dir/target-aarch64_cortex-a53_musl/usr/include -std=gnu11 -Wextra -Werror -DBPF_DIR_MNT=\"/sys/fs/bpf\" -DBPF_OBJECT_PATH=\"/usr/lib/bpf\" -DMAX_DISPATCHER_ACTIONS=10 -DTOOLS_VERSION=\""1.4.3"\" -DLIBBPF_VERSION=\"1.4.6\" -DRUNDIR=\"/tmp/run\" -DHAVE_LIBBPF_PERF_BUFFER__CONSUME -DHAVE_LIBBPF_BTF__LOAD_FROM_KERNEL_BY_ID -DHAVE_LIBBPF_BTF__TYPE_CNT -DHAVE_LIBBPF_BPF_OBJECT__NEXT_MAP -DHAVE_LIBBPF_BPF_OBJECT__NEXT_PROGRAM -DHAVE_LIBBPF_BPF_PROGRAM__INSN_CNT -DHAVE_LIBBPF_BPF_PROGRAM__TYPE -DHAVE_LIBBPF_BPF_PROGRAM__FLAGS -DHAVE_LIBBPF_BPF_PROGRAM__EXPECTED_ATTACH_TYPE -DHAVE_LIBBPF_BPF_MAP_CREATE -DHAVE_LIBBPF_PERF_BUFFER__NEW_RAW -DHAVE_LIBBPF_BPF_XDP_ATTACH -DHAVE_LIBBPF_BPF_MAP__SET_AUTOCREATE -DHAVE_LIBBPF_BPF_PROG_TEST_RUN_OPTS -DHAVE_LIBBPF_BPF_XDP_QUERY -DHAVE_SECURE_GETENV -DDEBUG -DLIBBPF_DYNAMIC -D_LARGEFILE64_SOURCE -D_FILE_OFFSET_BITS=64  -I/home/omarerc/Documents/projects/wrt/openwrt/staging_dir/target-aarch64_cortex-a53_musl/usr/include -std=gnu11 -Wextra -Werror -DBPF_DIR_MNT=\"/sys/fs/bpf\" -DBPF_OBJECT_PATH=\"/usr/lib/bpf\" -DMAX_DISPATCHER_ACTIONS=10 -DTOOLS_VERSION=\""1.4.3"\" -DLIBBPF_VERSION=\"1.4.6\" -DRUNDIR=\"/tmp/run\" -DHAVE_LIBBPF_PERF_BUFFER__CONSUME -DHAVE_LIBBPF_BTF__LOAD_FROM_KERNEL_BY_ID -DHAVE_LIBBPF_BTF__TYPE_CNT -DHAVE_LIBBPF_BPF_OBJECT__NEXT_MAP -DHAVE_LIBBPF_BPF_OBJECT__NEXT_PROGRAM -DHAVE_LIBBPF_BPF_PROGRAM__INSN_CNT -DHAVE_LIBBPF_BPF_PROGRAM__TYPE -DHAVE_LIBBPF_BPF_PROGRAM__FLAGS -DHAVE_LIBBPF_BPF_PROGRAM__EXPECTED_ATTACH_TYPE -DHAVE_LIBBPF_BPF_MAP_CREATE -DHAVE_LIBBPF_PERF_BUFFER__NEW_RAW -DHAVE_LIBBPF_BPF_XDP_ATTACH -DHAVE_LIBBPF_BPF_MAP__SET_AUTOCREATE -DHAVE_LIBBPF_BPF_PROG_TEST_RUN_OPTS -DHAVE_LIBBPF_BPF_XDP_QUERY -DHAVE_SECURE_GETENV -DDEBUG -DLIBBPF_DYNAMIC -D_LARGEFILE64_SOURCE -D_FILE_OFFSET_BITS=64  -I../../headers  -fPIC -DSHARED -Wall -I../../headers -c xsk.c -o sharedobjs/xsk.o
aarch64-openwrt-linux-musl-gcc -shared -Wl,-soname,libxdp.so.1 \
	      -Wl,--version-script=libxdp.map \
	      sharedobjs/libxdp.o sharedobjs/xsk.o -L/home/omarerc/Documents/projects/wrt/openwrt/staging_dir/toolchain-aarch64_cortex-a53_gcc-14.2.0_musl/usr/lib -L/home/omarerc/Documents/projects/wrt/openwrt/staging_dir/toolchain-aarch64_cortex-a53_gcc-14.2.0_musl/lib -fuse-ld=bfd -znow -zrelro     -L/home/omarerc/Documents/projects/wrt/openwrt/staging_dir/target-aarch64_cortex-a53_musl/usr/lib -lbpf -o libxdp.so.1.4.0
ln -sf libxdp.so.1.4.0 libxdp.so.1
ln -sf libxdp.so.1 libxdp.so
sed -e "s|@PREFIX@|/usr|" \
		-e "s|@LIBDIR@|/usr/lib|" \
		-e "s|@VERSION@|"1.4.3"|" \
		< libxdp.pc.template > libxdp.pc
make[5]: Leaving directory '/home/omarerc/Documents/projects/wrt/openwrt/build_dir/target-aarch64_cortex-a53_musl/xdp-tools-1.4.3/lib/libxdp'

  util
make[5]: Entering directory '/home/omarerc/Documents/projects/wrt/openwrt/build_dir/target-aarch64_cortex-a53_musl/xdp-tools-1.4.3/lib/util'
aarch64-openwrt-linux-musl-gcc -Os -pipe -mcpu=cortex-a53 -fno-caller-saves -fno-plt -fhonour-copts -fmacro-prefix-map=/home/omarerc/Documents/projects/wrt/openwrt/build_dir/target-aarch64_cortex-a53_musl/xdp-tools-1.4.3=xdp-tools-1.4.3 -Wformat -Werror=format-security -fstack-protector -D_FORTIFY_SOURCE=1 -Wl,-z,now -Wl,-z,relro    -I/home/omarerc/Documents/projects/wrt/openwrt/staging_dir/toolchain-aarch64_cortex-a53_gcc-14.2.0_musl/usr/include -I/home/omarerc/Documents/projects/wrt/openwrt/staging_dir/toolchain-aarch64_cortex-a53_gcc-14.2.0_musl/include -I/home/omarerc/Documents/projects/wrt/openwrt/staging_dir/toolchain-aarch64_cortex-a53_gcc-14.2.0_musl/include/fortify    -I/home/omarerc/Documents/projects/wrt/openwrt/staging_dir/target-aarch64_cortex-a53_musl/usr/include -I/home/omarerc/Documents/projects/wrt/openwrt/staging_dir/target-aarch64_cortex-a53_musl/usr/include -std=gnu11 -Wextra -Werror -DBPF_DIR_MNT=\"/sys/fs/bpf\" -DBPF_OBJECT_PATH=\"/usr/lib/bpf\" -DMAX_DISPATCHER_ACTIONS=10 -DTOOLS_VERSION=\""1.4.3"\" -DLIBBPF_VERSION=\"1.4.6\" -DRUNDIR=\"/tmp/run\" -DHAVE_LIBBPF_PERF_BUFFER__CONSUME -DHAVE_LIBBPF_BTF__LOAD_FROM_KERNEL_BY_ID -DHAVE_LIBBPF_BTF__TYPE_CNT -DHAVE_LIBBPF_BPF_OBJECT__NEXT_MAP -DHAVE_LIBBPF_BPF_OBJECT__NEXT_PROGRAM -DHAVE_LIBBPF_BPF_PROGRAM__INSN_CNT -DHAVE_LIBBPF_BPF_PROGRAM__TYPE -DHAVE_LIBBPF_BPF_PROGRAM__FLAGS -DHAVE_LIBBPF_BPF_PROGRAM__EXPECTED_ATTACH_TYPE -DHAVE_LIBBPF_BPF_MAP_CREATE -DHAVE_LIBBPF_PERF_BUFFER__NEW_RAW -DHAVE_LIBBPF_BPF_XDP_ATTACH -DHAVE_LIBBPF_BPF_MAP__SET_AUTOCREATE -DHAVE_LIBBPF_BPF_PROG_TEST_RUN_OPTS -DHAVE_LIBBPF_BPF_XDP_QUERY -DHAVE_SECURE_GETENV -DDEBUG -DLIBBPF_DYNAMIC -D_LARGEFILE64_SOURCE -D_FILE_OFFSET_BITS=64  -I/home/omarerc/Documents/projects/wrt/openwrt/staging_dir/target-aarch64_cortex-a53_musl/usr/include -std=gnu11 -Wextra -Werror -DBPF_DIR_MNT=\"/sys/fs/bpf\" -DBPF_OBJECT_PATH=\"/usr/lib/bpf\" -DMAX_DISPATCHER_ACTIONS=10 -DTOOLS_VERSION=\""1.4.3"\" -DLIBBPF_VERSION=\"1.4.6\" -DRUNDIR=\"/tmp/run\" -DHAVE_LIBBPF_PERF_BUFFER__CONSUME -DHAVE_LIBBPF_BTF__LOAD_FROM_KERNEL_BY_ID -DHAVE_LIBBPF_BTF__TYPE_CNT -DHAVE_LIBBPF_BPF_OBJECT__NEXT_MAP -DHAVE_LIBBPF_BPF_OBJECT__NEXT_PROGRAM -DHAVE_LIBBPF_BPF_PROGRAM__INSN_CNT -DHAVE_LIBBPF_BPF_PROGRAM__TYPE -DHAVE_LIBBPF_BPF_PROGRAM__FLAGS -DHAVE_LIBBPF_BPF_PROGRAM__EXPECTED_ATTACH_TYPE -DHAVE_LIBBPF_BPF_MAP_CREATE -DHAVE_LIBBPF_PERF_BUFFER__NEW_RAW -DHAVE_LIBBPF_BPF_XDP_ATTACH -DHAVE_LIBBPF_BPF_MAP__SET_AUTOCREATE -DHAVE_LIBBPF_BPF_PROG_TEST_RUN_OPTS -DHAVE_LIBBPF_BPF_XDP_QUERY -DHAVE_SECURE_GETENV -DDEBUG -DLIBBPF_DYNAMIC -D_LARGEFILE64_SOURCE -D_FILE_OFFSET_BITS=64  -I/home/omarerc/Documents/projects/wrt/openwrt/staging_dir/target-aarch64_cortex-a53_musl/usr/include -std=gnu11 -Wextra -Werror -DBPF_DIR_MNT=\"/sys/fs/bpf\" -DBPF_OBJECT_PATH=\"/usr/lib/bpf\" -DMAX_DISPATCHER_ACTIONS=10 -DTOOLS_VERSION=\""1.4.3"\" -DLIBBPF_VERSION=\"1.4.6\" -DRUNDIR=\"/tmp/run\" -DHAVE_LIBBPF_PERF_BUFFER__CONSUME -DHAVE_LIBBPF_BTF__LOAD_FROM_KERNEL_BY_ID -DHAVE_LIBBPF_BTF__TYPE_CNT -DHAVE_LIBBPF_BPF_OBJECT__NEXT_MAP -DHAVE_LIBBPF_BPF_OBJECT__NEXT_PROGRAM -DHAVE_LIBBPF_BPF_PROGRAM__INSN_CNT -DHAVE_LIBBPF_BPF_PROGRAM__TYPE -DHAVE_LIBBPF_BPF_PROGRAM__FLAGS -DHAVE_LIBBPF_BPF_PROGRAM__EXPECTED_ATTACH_TYPE -DHAVE_LIBBPF_BPF_MAP_CREATE -DHAVE_LIBBPF_PERF_BUFFER__NEW_RAW -DHAVE_LIBBPF_BPF_XDP_ATTACH -DHAVE_LIBBPF_BPF_MAP__SET_AUTOCREATE -DHAVE_LIBBPF_BPF_PROG_TEST_RUN_OPTS -DHAVE_LIBBPF_BPF_XDP_QUERY -DHAVE_SECURE_GETENV -DDEBUG -DLIBBPF_DYNAMIC -D_LARGEFILE64_SOURCE -D_FILE_OFFSET_BITS=64   -Wall -I../../headers -c -o params.o params.c
aarch64-openwrt-linux-musl-gcc -Os -pipe -mcpu=cortex-a53 -fno-caller-saves -fno-plt -fhonour-copts -fmacro-prefix-map=/home/omarerc/Documents/projects/wrt/openwrt/build_dir/target-aarch64_cortex-a53_musl/xdp-tools-1.4.3=xdp-tools-1.4.3 -Wformat -Werror=format-security -fstack-protector -D_FORTIFY_SOURCE=1 -Wl,-z,now -Wl,-z,relro    -I/home/omarerc/Documents/projects/wrt/openwrt/staging_dir/toolchain-aarch64_cortex-a53_gcc-14.2.0_musl/usr/include -I/home/omarerc/Documents/projects/wrt/openwrt/staging_dir/toolchain-aarch64_cortex-a53_gcc-14.2.0_musl/include -I/home/omarerc/Documents/projects/wrt/openwrt/staging_dir/toolchain-aarch64_cortex-a53_gcc-14.2.0_musl/include/fortify    -I/home/omarerc/Documents/projects/wrt/openwrt/staging_dir/target-aarch64_cortex-a53_musl/usr/include -I/home/omarerc/Documents/projects/wrt/openwrt/staging_dir/target-aarch64_cortex-a53_musl/usr/include -std=gnu11 -Wextra -Werror -DBPF_DIR_MNT=\"/sys/fs/bpf\" -DBPF_OBJECT_PATH=\"/usr/lib/bpf\" -DMAX_DISPATCHER_ACTIONS=10 -DTOOLS_VERSION=\""1.4.3"\" -DLIBBPF_VERSION=\"1.4.6\" -DRUNDIR=\"/tmp/run\" -DHAVE_LIBBPF_PERF_BUFFER__CONSUME -DHAVE_LIBBPF_BTF__LOAD_FROM_KERNEL_BY_ID -DHAVE_LIBBPF_BTF__TYPE_CNT -DHAVE_LIBBPF_BPF_OBJECT__NEXT_MAP -DHAVE_LIBBPF_BPF_OBJECT__NEXT_PROGRAM -DHAVE_LIBBPF_BPF_PROGRAM__INSN_CNT -DHAVE_LIBBPF_BPF_PROGRAM__TYPE -DHAVE_LIBBPF_BPF_PROGRAM__FLAGS -DHAVE_LIBBPF_BPF_PROGRAM__EXPECTED_ATTACH_TYPE -DHAVE_LIBBPF_BPF_MAP_CREATE -DHAVE_LIBBPF_PERF_BUFFER__NEW_RAW -DHAVE_LIBBPF_BPF_XDP_ATTACH -DHAVE_LIBBPF_BPF_MAP__SET_AUTOCREATE -DHAVE_LIBBPF_BPF_PROG_TEST_RUN_OPTS -DHAVE_LIBBPF_BPF_XDP_QUERY -DHAVE_SECURE_GETENV -DDEBUG -DLIBBPF_DYNAMIC -D_LARGEFILE64_SOURCE -D_FILE_OFFSET_BITS=64  -I/home/omarerc/Documents/projects/wrt/openwrt/staging_dir/target-aarch64_cortex-a53_musl/usr/include -std=gnu11 -Wextra -Werror -DBPF_DIR_MNT=\"/sys/fs/bpf\" -DBPF_OBJECT_PATH=\"/usr/lib/bpf\" -DMAX_DISPATCHER_ACTIONS=10 -DTOOLS_VERSION=\""1.4.3"\" -DLIBBPF_VERSION=\"1.4.6\" -DRUNDIR=\"/tmp/run\" -DHAVE_LIBBPF_PERF_BUFFER__CONSUME -DHAVE_LIBBPF_BTF__LOAD_FROM_KERNEL_BY_ID -DHAVE_LIBBPF_BTF__TYPE_CNT -DHAVE_LIBBPF_BPF_OBJECT__NEXT_MAP -DHAVE_LIBBPF_BPF_OBJECT__NEXT_PROGRAM -DHAVE_LIBBPF_BPF_PROGRAM__INSN_CNT -DHAVE_LIBBPF_BPF_PROGRAM__TYPE -DHAVE_LIBBPF_BPF_PROGRAM__FLAGS -DHAVE_LIBBPF_BPF_PROGRAM__EXPECTED_ATTACH_TYPE -DHAVE_LIBBPF_BPF_MAP_CREATE -DHAVE_LIBBPF_PERF_BUFFER__NEW_RAW -DHAVE_LIBBPF_BPF_XDP_ATTACH -DHAVE_LIBBPF_BPF_MAP__SET_AUTOCREATE -DHAVE_LIBBPF_BPF_PROG_TEST_RUN_OPTS -DHAVE_LIBBPF_BPF_XDP_QUERY -DHAVE_SECURE_GETENV -DDEBUG -DLIBBPF_DYNAMIC -D_LARGEFILE64_SOURCE -D_FILE_OFFSET_BITS=64  -I/home/omarerc/Documents/projects/wrt/openwrt/staging_dir/target-aarch64_cortex-a53_musl/usr/include -std=gnu11 -Wextra -Werror -DBPF_DIR_MNT=\"/sys/fs/bpf\" -DBPF_OBJECT_PATH=\"/usr/lib/bpf\" -DMAX_DISPATCHER_ACTIONS=10 -DTOOLS_VERSION=\""1.4.3"\" -DLIBBPF_VERSION=\"1.4.6\" -DRUNDIR=\"/tmp/run\" -DHAVE_LIBBPF_PERF_BUFFER__CONSUME -DHAVE_LIBBPF_BTF__LOAD_FROM_KERNEL_BY_ID -DHAVE_LIBBPF_BTF__TYPE_CNT -DHAVE_LIBBPF_BPF_OBJECT__NEXT_MAP -DHAVE_LIBBPF_BPF_OBJECT__NEXT_PROGRAM -DHAVE_LIBBPF_BPF_PROGRAM__INSN_CNT -DHAVE_LIBBPF_BPF_PROGRAM__TYPE -DHAVE_LIBBPF_BPF_PROGRAM__FLAGS -DHAVE_LIBBPF_BPF_PROGRAM__EXPECTED_ATTACH_TYPE -DHAVE_LIBBPF_BPF_MAP_CREATE -DHAVE_LIBBPF_PERF_BUFFER__NEW_RAW -DHAVE_LIBBPF_BPF_XDP_ATTACH -DHAVE_LIBBPF_BPF_MAP__SET_AUTOCREATE -DHAVE_LIBBPF_BPF_PROG_TEST_RUN_OPTS -DHAVE_LIBBPF_BPF_XDP_QUERY -DHAVE_SECURE_GETENV -DDEBUG -DLIBBPF_DYNAMIC -D_LARGEFILE64_SOURCE -D_FILE_OFFSET_BITS=64   -Wall -I../../headers -c -o logging.o logging.c
aarch64-openwrt-linux-musl-gcc -Os -pipe -mcpu=cortex-a53 -fno-caller-saves -fno-plt -fhonour-copts -fmacro-prefix-map=/home/omarerc/Documents/projects/wrt/openwrt/build_dir/target-aarch64_cortex-a53_musl/xdp-tools-1.4.3=xdp-tools-1.4.3 -Wformat -Werror=format-security -fstack-protector -D_FORTIFY_SOURCE=1 -Wl,-z,now -Wl,-z,relro    -I/home/omarerc/Documents/projects/wrt/openwrt/staging_dir/toolchain-aarch64_cortex-a53_gcc-14.2.0_musl/usr/include -I/home/omarerc/Documents/projects/wrt/openwrt/staging_dir/toolchain-aarch64_cortex-a53_gcc-14.2.0_musl/include -I/home/omarerc/Documents/projects/wrt/openwrt/staging_dir/toolchain-aarch64_cortex-a53_gcc-14.2.0_musl/include/fortify    -I/home/omarerc/Documents/projects/wrt/openwrt/staging_dir/target-aarch64_cortex-a53_musl/usr/include -I/home/omarerc/Documents/projects/wrt/openwrt/staging_dir/target-aarch64_cortex-a53_musl/usr/include -std=gnu11 -Wextra -Werror -DBPF_DIR_MNT=\"/sys/fs/bpf\" -DBPF_OBJECT_PATH=\"/usr/lib/bpf\" -DMAX_DISPATCHER_ACTIONS=10 -DTOOLS_VERSION=\""1.4.3"\" -DLIBBPF_VERSION=\"1.4.6\" -DRUNDIR=\"/tmp/run\" -DHAVE_LIBBPF_PERF_BUFFER__CONSUME -DHAVE_LIBBPF_BTF__LOAD_FROM_KERNEL_BY_ID -DHAVE_LIBBPF_BTF__TYPE_CNT -DHAVE_LIBBPF_BPF_OBJECT__NEXT_MAP -DHAVE_LIBBPF_BPF_OBJECT__NEXT_PROGRAM -DHAVE_LIBBPF_BPF_PROGRAM__INSN_CNT -DHAVE_LIBBPF_BPF_PROGRAM__TYPE -DHAVE_LIBBPF_BPF_PROGRAM__FLAGS -DHAVE_LIBBPF_BPF_PROGRAM__EXPECTED_ATTACH_TYPE -DHAVE_LIBBPF_BPF_MAP_CREATE -DHAVE_LIBBPF_PERF_BUFFER__NEW_RAW -DHAVE_LIBBPF_BPF_XDP_ATTACH -DHAVE_LIBBPF_BPF_MAP__SET_AUTOCREATE -DHAVE_LIBBPF_BPF_PROG_TEST_RUN_OPTS -DHAVE_LIBBPF_BPF_XDP_QUERY -DHAVE_SECURE_GETENV -DDEBUG -DLIBBPF_DYNAMIC -D_LARGEFILE64_SOURCE -D_FILE_OFFSET_BITS=64  -I/home/omarerc/Documents/projects/wrt/openwrt/staging_dir/target-aarch64_cortex-a53_musl/usr/include -std=gnu11 -Wextra -Werror -DBPF_DIR_MNT=\"/sys/fs/bpf\" -DBPF_OBJECT_PATH=\"/usr/lib/bpf\" -DMAX_DISPATCHER_ACTIONS=10 -DTOOLS_VERSION=\""1.4.3"\" -DLIBBPF_VERSION=\"1.4.6\" -DRUNDIR=\"/tmp/run\" -DHAVE_LIBBPF_PERF_BUFFER__CONSUME -DHAVE_LIBBPF_BTF__LOAD_FROM_KERNEL_BY_ID -DHAVE_LIBBPF_BTF__TYPE_CNT -DHAVE_LIBBPF_BPF_OBJECT__NEXT_MAP -DHAVE_LIBBPF_BPF_OBJECT__NEXT_PROGRAM -DHAVE_LIBBPF_BPF_PROGRAM__INSN_CNT -DHAVE_LIBBPF_BPF_PROGRAM__TYPE -DHAVE_LIBBPF_BPF_PROGRAM__FLAGS -DHAVE_LIBBPF_BPF_PROGRAM__EXPECTED_ATTACH_TYPE -DHAVE_LIBBPF_BPF_MAP_CREATE -DHAVE_LIBBPF_PERF_BUFFER__NEW_RAW -DHAVE_LIBBPF_BPF_XDP_ATTACH -DHAVE_LIBBPF_BPF_MAP__SET_AUTOCREATE -DHAVE_LIBBPF_BPF_PROG_TEST_RUN_OPTS -DHAVE_LIBBPF_BPF_XDP_QUERY -DHAVE_SECURE_GETENV -DDEBUG -DLIBBPF_DYNAMIC -D_LARGEFILE64_SOURCE -D_FILE_OFFSET_BITS=64  -I/home/omarerc/Documents/projects/wrt/openwrt/staging_dir/target-aarch64_cortex-a53_musl/usr/include -std=gnu11 -Wextra -Werror -DBPF_DIR_MNT=\"/sys/fs/bpf\" -DBPF_OBJECT_PATH=\"/usr/lib/bpf\" -DMAX_DISPATCHER_ACTIONS=10 -DTOOLS_VERSION=\""1.4.3"\" -DLIBBPF_VERSION=\"1.4.6\" -DRUNDIR=\"/tmp/run\" -DHAVE_LIBBPF_PERF_BUFFER__CONSUME -DHAVE_LIBBPF_BTF__LOAD_FROM_KERNEL_BY_ID -DHAVE_LIBBPF_BTF__TYPE_CNT -DHAVE_LIBBPF_BPF_OBJECT__NEXT_MAP -DHAVE_LIBBPF_BPF_OBJECT__NEXT_PROGRAM -DHAVE_LIBBPF_BPF_PROGRAM__INSN_CNT -DHAVE_LIBBPF_BPF_PROGRAM__TYPE -DHAVE_LIBBPF_BPF_PROGRAM__FLAGS -DHAVE_LIBBPF_BPF_PROGRAM__EXPECTED_ATTACH_TYPE -DHAVE_LIBBPF_BPF_MAP_CREATE -DHAVE_LIBBPF_PERF_BUFFER__NEW_RAW -DHAVE_LIBBPF_BPF_XDP_ATTACH -DHAVE_LIBBPF_BPF_MAP__SET_AUTOCREATE -DHAVE_LIBBPF_BPF_PROG_TEST_RUN_OPTS -DHAVE_LIBBPF_BPF_XDP_QUERY -DHAVE_SECURE_GETENV -DDEBUG -DLIBBPF_DYNAMIC -D_LARGEFILE64_SOURCE -D_FILE_OFFSET_BITS=64   -Wall -I../../headers -c -o util.o util.c
aarch64-openwrt-linux-musl-gcc -Os -pipe -mcpu=cortex-a53 -fno-caller-saves -fno-plt -fhonour-copts -fmacro-prefix-map=/home/omarerc/Documents/projects/wrt/openwrt/build_dir/target-aarch64_cortex-a53_musl/xdp-tools-1.4.3=xdp-tools-1.4.3 -Wformat -Werror=format-security -fstack-protector -D_FORTIFY_SOURCE=1 -Wl,-z,now -Wl,-z,relro    -I/home/omarerc/Documents/projects/wrt/openwrt/staging_dir/toolchain-aarch64_cortex-a53_gcc-14.2.0_musl/usr/include -I/home/omarerc/Documents/projects/wrt/openwrt/staging_dir/toolchain-aarch64_cortex-a53_gcc-14.2.0_musl/include -I/home/omarerc/Documents/projects/wrt/openwrt/staging_dir/toolchain-aarch64_cortex-a53_gcc-14.2.0_musl/include/fortify    -I/home/omarerc/Documents/projects/wrt/openwrt/staging_dir/target-aarch64_cortex-a53_musl/usr/include -I/home/omarerc/Documents/projects/wrt/openwrt/staging_dir/target-aarch64_cortex-a53_musl/usr/include -std=gnu11 -Wextra -Werror -DBPF_DIR_MNT=\"/sys/fs/bpf\" -DBPF_OBJECT_PATH=\"/usr/lib/bpf\" -DMAX_DISPATCHER_ACTIONS=10 -DTOOLS_VERSION=\""1.4.3"\" -DLIBBPF_VERSION=\"1.4.6\" -DRUNDIR=\"/tmp/run\" -DHAVE_LIBBPF_PERF_BUFFER__CONSUME -DHAVE_LIBBPF_BTF__LOAD_FROM_KERNEL_BY_ID -DHAVE_LIBBPF_BTF__TYPE_CNT -DHAVE_LIBBPF_BPF_OBJECT__NEXT_MAP -DHAVE_LIBBPF_BPF_OBJECT__NEXT_PROGRAM -DHAVE_LIBBPF_BPF_PROGRAM__INSN_CNT -DHAVE_LIBBPF_BPF_PROGRAM__TYPE -DHAVE_LIBBPF_BPF_PROGRAM__FLAGS -DHAVE_LIBBPF_BPF_PROGRAM__EXPECTED_ATTACH_TYPE -DHAVE_LIBBPF_BPF_MAP_CREATE -DHAVE_LIBBPF_PERF_BUFFER__NEW_RAW -DHAVE_LIBBPF_BPF_XDP_ATTACH -DHAVE_LIBBPF_BPF_MAP__SET_AUTOCREATE -DHAVE_LIBBPF_BPF_PROG_TEST_RUN_OPTS -DHAVE_LIBBPF_BPF_XDP_QUERY -DHAVE_SECURE_GETENV -DDEBUG -DLIBBPF_DYNAMIC -D_LARGEFILE64_SOURCE -D_FILE_OFFSET_BITS=64  -I/home/omarerc/Documents/projects/wrt/openwrt/staging_dir/target-aarch64_cortex-a53_musl/usr/include -std=gnu11 -Wextra -Werror -DBPF_DIR_MNT=\"/sys/fs/bpf\" -DBPF_OBJECT_PATH=\"/usr/lib/bpf\" -DMAX_DISPATCHER_ACTIONS=10 -DTOOLS_VERSION=\""1.4.3"\" -DLIBBPF_VERSION=\"1.4.6\" -DRUNDIR=\"/tmp/run\" -DHAVE_LIBBPF_PERF_BUFFER__CONSUME -DHAVE_LIBBPF_BTF__LOAD_FROM_KERNEL_BY_ID -DHAVE_LIBBPF_BTF__TYPE_CNT -DHAVE_LIBBPF_BPF_OBJECT__NEXT_MAP -DHAVE_LIBBPF_BPF_OBJECT__NEXT_PROGRAM -DHAVE_LIBBPF_BPF_PROGRAM__INSN_CNT -DHAVE_LIBBPF_BPF_PROGRAM__TYPE -DHAVE_LIBBPF_BPF_PROGRAM__FLAGS -DHAVE_LIBBPF_BPF_PROGRAM__EXPECTED_ATTACH_TYPE -DHAVE_LIBBPF_BPF_MAP_CREATE -DHAVE_LIBBPF_PERF_BUFFER__NEW_RAW -DHAVE_LIBBPF_BPF_XDP_ATTACH -DHAVE_LIBBPF_BPF_MAP__SET_AUTOCREATE -DHAVE_LIBBPF_BPF_PROG_TEST_RUN_OPTS -DHAVE_LIBBPF_BPF_XDP_QUERY -DHAVE_SECURE_GETENV -DDEBUG -DLIBBPF_DYNAMIC -D_LARGEFILE64_SOURCE -D_FILE_OFFSET_BITS=64  -I/home/omarerc/Documents/projects/wrt/openwrt/staging_dir/target-aarch64_cortex-a53_musl/usr/include -std=gnu11 -Wextra -Werror -DBPF_DIR_MNT=\"/sys/fs/bpf\" -DBPF_OBJECT_PATH=\"/usr/lib/bpf\" -DMAX_DISPATCHER_ACTIONS=10 -DTOOLS_VERSION=\""1.4.3"\" -DLIBBPF_VERSION=\"1.4.6\" -DRUNDIR=\"/tmp/run\" -DHAVE_LIBBPF_PERF_BUFFER__CONSUME -DHAVE_LIBBPF_BTF__LOAD_FROM_KERNEL_BY_ID -DHAVE_LIBBPF_BTF__TYPE_CNT -DHAVE_LIBBPF_BPF_OBJECT__NEXT_MAP -DHAVE_LIBBPF_BPF_OBJECT__NEXT_PROGRAM -DHAVE_LIBBPF_BPF_PROGRAM__INSN_CNT -DHAVE_LIBBPF_BPF_PROGRAM__TYPE -DHAVE_LIBBPF_BPF_PROGRAM__FLAGS -DHAVE_LIBBPF_BPF_PROGRAM__EXPECTED_ATTACH_TYPE -DHAVE_LIBBPF_BPF_MAP_CREATE -DHAVE_LIBBPF_PERF_BUFFER__NEW_RAW -DHAVE_LIBBPF_BPF_XDP_ATTACH -DHAVE_LIBBPF_BPF_MAP__SET_AUTOCREATE -DHAVE_LIBBPF_BPF_PROG_TEST_RUN_OPTS -DHAVE_LIBBPF_BPF_XDP_QUERY -DHAVE_SECURE_GETENV -DDEBUG -DLIBBPF_DYNAMIC -D_LARGEFILE64_SOURCE -D_FILE_OFFSET_BITS=64   -Wall -I../../headers -c -o stats.o stats.c
aarch64-openwrt-linux-musl-gcc -Os -pipe -mcpu=cortex-a53 -fno-caller-saves -fno-plt -fhonour-copts -fmacro-prefix-map=/home/omarerc/Documents/projects/wrt/openwrt/build_dir/target-aarch64_cortex-a53_musl/xdp-tools-1.4.3=xdp-tools-1.4.3 -Wformat -Werror=format-security -fstack-protector -D_FORTIFY_SOURCE=1 -Wl,-z,now -Wl,-z,relro    -I/home/omarerc/Documents/projects/wrt/openwrt/staging_dir/toolchain-aarch64_cortex-a53_gcc-14.2.0_musl/usr/include -I/home/omarerc/Documents/projects/wrt/openwrt/staging_dir/toolchain-aarch64_cortex-a53_gcc-14.2.0_musl/include -I/home/omarerc/Documents/projects/wrt/openwrt/staging_dir/toolchain-aarch64_cortex-a53_gcc-14.2.0_musl/include/fortify    -I/home/omarerc/Documents/projects/wrt/openwrt/staging_dir/target-aarch64_cortex-a53_musl/usr/include -I/home/omarerc/Documents/projects/wrt/openwrt/staging_dir/target-aarch64_cortex-a53_musl/usr/include -std=gnu11 -Wextra -Werror -DBPF_DIR_MNT=\"/sys/fs/bpf\" -DBPF_OBJECT_PATH=\"/usr/lib/bpf\" -DMAX_DISPATCHER_ACTIONS=10 -DTOOLS_VERSION=\""1.4.3"\" -DLIBBPF_VERSION=\"1.4.6\" -DRUNDIR=\"/tmp/run\" -DHAVE_LIBBPF_PERF_BUFFER__CONSUME -DHAVE_LIBBPF_BTF__LOAD_FROM_KERNEL_BY_ID -DHAVE_LIBBPF_BTF__TYPE_CNT -DHAVE_LIBBPF_BPF_OBJECT__NEXT_MAP -DHAVE_LIBBPF_BPF_OBJECT__NEXT_PROGRAM -DHAVE_LIBBPF_BPF_PROGRAM__INSN_CNT -DHAVE_LIBBPF_BPF_PROGRAM__TYPE -DHAVE_LIBBPF_BPF_PROGRAM__FLAGS -DHAVE_LIBBPF_BPF_PROGRAM__EXPECTED_ATTACH_TYPE -DHAVE_LIBBPF_BPF_MAP_CREATE -DHAVE_LIBBPF_PERF_BUFFER__NEW_RAW -DHAVE_LIBBPF_BPF_XDP_ATTACH -DHAVE_LIBBPF_BPF_MAP__SET_AUTOCREATE -DHAVE_LIBBPF_BPF_PROG_TEST_RUN_OPTS -DHAVE_LIBBPF_BPF_XDP_QUERY -DHAVE_SECURE_GETENV -DDEBUG -DLIBBPF_DYNAMIC -D_LARGEFILE64_SOURCE -D_FILE_OFFSET_BITS=64  -I/home/omarerc/Documents/projects/wrt/openwrt/staging_dir/target-aarch64_cortex-a53_musl/usr/include -std=gnu11 -Wextra -Werror -DBPF_DIR_MNT=\"/sys/fs/bpf\" -DBPF_OBJECT_PATH=\"/usr/lib/bpf\" -DMAX_DISPATCHER_ACTIONS=10 -DTOOLS_VERSION=\""1.4.3"\" -DLIBBPF_VERSION=\"1.4.6\" -DRUNDIR=\"/tmp/run\" -DHAVE_LIBBPF_PERF_BUFFER__CONSUME -DHAVE_LIBBPF_BTF__LOAD_FROM_KERNEL_BY_ID -DHAVE_LIBBPF_BTF__TYPE_CNT -DHAVE_LIBBPF_BPF_OBJECT__NEXT_MAP -DHAVE_LIBBPF_BPF_OBJECT__NEXT_PROGRAM -DHAVE_LIBBPF_BPF_PROGRAM__INSN_CNT -DHAVE_LIBBPF_BPF_PROGRAM__TYPE -DHAVE_LIBBPF_BPF_PROGRAM__FLAGS -DHAVE_LIBBPF_BPF_PROGRAM__EXPECTED_ATTACH_TYPE -DHAVE_LIBBPF_BPF_MAP_CREATE -DHAVE_LIBBPF_PERF_BUFFER__NEW_RAW -DHAVE_LIBBPF_BPF_XDP_ATTACH -DHAVE_LIBBPF_BPF_MAP__SET_AUTOCREATE -DHAVE_LIBBPF_BPF_PROG_TEST_RUN_OPTS -DHAVE_LIBBPF_BPF_XDP_QUERY -DHAVE_SECURE_GETENV -DDEBUG -DLIBBPF_DYNAMIC -D_LARGEFILE64_SOURCE -D_FILE_OFFSET_BITS=64  -I/home/omarerc/Documents/projects/wrt/openwrt/staging_dir/target-aarch64_cortex-a53_musl/usr/include -std=gnu11 -Wextra -Werror -DBPF_DIR_MNT=\"/sys/fs/bpf\" -DBPF_OBJECT_PATH=\"/usr/lib/bpf\" -DMAX_DISPATCHER_ACTIONS=10 -DTOOLS_VERSION=\""1.4.3"\" -DLIBBPF_VERSION=\"1.4.6\" -DRUNDIR=\"/tmp/run\" -DHAVE_LIBBPF_PERF_BUFFER__CONSUME -DHAVE_LIBBPF_BTF__LOAD_FROM_KERNEL_BY_ID -DHAVE_LIBBPF_BTF__TYPE_CNT -DHAVE_LIBBPF_BPF_OBJECT__NEXT_MAP -DHAVE_LIBBPF_BPF_OBJECT__NEXT_PROGRAM -DHAVE_LIBBPF_BPF_PROGRAM__INSN_CNT -DHAVE_LIBBPF_BPF_PROGRAM__TYPE -DHAVE_LIBBPF_BPF_PROGRAM__FLAGS -DHAVE_LIBBPF_BPF_PROGRAM__EXPECTED_ATTACH_TYPE -DHAVE_LIBBPF_BPF_MAP_CREATE -DHAVE_LIBBPF_PERF_BUFFER__NEW_RAW -DHAVE_LIBBPF_BPF_XDP_ATTACH -DHAVE_LIBBPF_BPF_MAP__SET_AUTOCREATE -DHAVE_LIBBPF_BPF_PROG_TEST_RUN_OPTS -DHAVE_LIBBPF_BPF_XDP_QUERY -DHAVE_SECURE_GETENV -DDEBUG -DLIBBPF_DYNAMIC -D_LARGEFILE64_SOURCE -D_FILE_OFFSET_BITS=64   -Wall -I../../headers -c -o xpcapng.o xpcapng.c
make[5]: Leaving directory '/home/omarerc/Documents/projects/wrt/openwrt/build_dir/target-aarch64_cortex-a53_musl/xdp-tools-1.4.3/lib/util'

  testing
make[5]: Entering directory '/home/omarerc/Documents/projects/wrt/openwrt/build_dir/target-aarch64_cortex-a53_musl/xdp-tools-1.4.3/lib/testing'
/home/omarerc/Documents/projects/wrt/openwrt/staging_dir/host/llvm-bpf/bin/clang -S \
    -target mips64el-linux-gnu \
    -D __BPF_TRACING__ \
    -Wall \
    -Wno-unused-value \
    -Wno-pointer-sign \
    -Wno-compare-distinct-pointer-types \
    -Werror \
    -Wno-visibility -fno-stack-protector -nostdinc -isystem /home/omarerc/Documents/projects/wrt/openwrt/staging_dir/toolchain-aarch64_cortex-a53_gcc-14.2.0_musl/lib/gcc/*/*/include -isystem/home/omarerc/Documents/projects/wrt/openwrt/staging_dir/toolchain-aarch64_cortex-a53_gcc-14.2.0_musl/usr/include -isystem/home/omarerc/Documents/projects/wrt/openwrt/staging_dir/toolchain-aarch64_cortex-a53_gcc-14.2.0_musl/include -isystem/home/omarerc/Documents/projects/wrt/openwrt/staging_dir/toolchain-aarch64_cortex-a53_gcc-14.2.0_musl/include/fortify -I/home/omarerc/Documents/projects/wrt/openwrt/staging_dir/target-aarch64_cortex-a53_musl/bpf-headers/arch/mips/include -I/home/omarerc/Documents/projects/wrt/openwrt/staging_dir/target-aarch64_cortex-a53_musl/bpf-headers/arch/mips/include/asm/mach-generic -I/home/omarerc/Documents/projects/wrt/openwrt/staging_dir/target-aarch64_cortex-a53_musl/bpf-headers/arch/mips/include/generated -I/home/omarerc/Documents/projects/wrt/openwrt/staging_dir/target-aarch64_cortex-a53_musl/bpf-headers/include -I/home/omarerc/Documents/projects/wrt/openwrt/staging_dir/target-aarch64_cortex-a53_musl/bpf-headers/arch/mips/include/uapi -I/home/omarerc/Documents/projects/wrt/openwrt/staging_dir/target-aarch64_cortex-a53_musl/bpf-headers/arch/mips/include/generated/uapi -I/home/omarerc/Documents/projects/wrt/openwrt/staging_dir/target-aarch64_cortex-a53_musl/bpf-headers/include/uapi -I/home/omarerc/Documents/projects/wrt/openwrt/staging_dir/target-aarch64_cortex-a53_musl/bpf-headers/include/generated/uapi -I/home/omarerc/Documents/projects/wrt/openwrt/staging_dir/target-aarch64_cortex-a53_musl/bpf-headers/tools/lib -I/home/omarerc/Documents/projects/wrt/openwrt/staging_dir/target-aarch64_cortex-a53_musl/bpf-headers/tools/testing/selftests -I/home/omarerc/Documents/projects/wrt/openwrt/staging_dir/target-aarch64_cortex-a53_musl/bpf-headers/samples/bpf -include linux/kconfig.h -include asm_goto_workaround.h -I/home/omarerc/Documents/projects/wrt/openwrt/build_dir/target-aarch64_cortex-a53_musl/xdp-tools-1.4.3 -D__KERNEL__ -D__BPF_TRACING__ -DCONFIG_GENERIC_CSUM -D__TARGET_ARCH_mips -mlittle-endian -fno-stack-protector -Wall -Wno-unused-value -Wno-pointer-sign -Wno-compare-distinct-pointer-types -Wno-gnu-variable-sized-type-not-at-end -Wno-address-of-packed-member -Wno-tautological-compare -Wno-unknown-warning-option -fno-asynchronous-unwind-tables -Wno-uninitialized -Wno-unused-variable -Wno-unused-label -O2 -emit-llvm -Xclang -disable-llvm-passes -Wno-error -fno-stack-protector -DBPF_DIR_MNT=\"/sys/fs/bpf\" -DBPF_OBJECT_PATH=\"/usr/lib/bpf\" -DMAX_DISPATCHER_ACTIONS=10 -DTOOLS_VERSION=\""1.4.3"\" -DLIBBPF_VERSION=\"1.4.6\" -DRUNDIR=\"/tmp/run\" -DHAVE_LIBBPF_PERF_BUFFER__CONSUME -DHAVE_LIBBPF_BTF__LOAD_FROM_KERNEL_BY_ID -DHAVE_LIBBPF_BTF__TYPE_CNT -DHAVE_LIBBPF_BPF_OBJECT__NEXT_MAP -DHAVE_LIBBPF_BPF_OBJECT__NEXT_PROGRAM -DHAVE_LIBBPF_BPF_PROGRAM__INSN_CNT -DHAVE_LIBBPF_BPF_PROGRAM__TYPE -DHAVE_LIBBPF_BPF_PROGRAM__FLAGS -DHAVE_LIBBPF_BPF_PROGRAM__EXPECTED_ATTACH_TYPE -DHAVE_LIBBPF_BPF_MAP_CREATE -DHAVE_LIBBPF_PERF_BUFFER__NEW_RAW -DHAVE_LIBBPF_BPF_XDP_ATTACH -DHAVE_LIBBPF_BPF_MAP__SET_AUTOCREATE -DHAVE_LIBBPF_BPF_PROG_TEST_RUN_OPTS -DHAVE_LIBBPF_BPF_XDP_QUERY -DHAVE_SECURE_GETENV -DDEBUG -DLIBBPF_DYNAMIC -D_LARGEFILE64_SOURCE -D_FILE_OFFSET_BITS=64   -nostdinc -isystem /home/omarerc/Documents/projects/wrt/openwrt/staging_dir/toolchain-aarch64_cortex-a53_gcc-14.2.0_musl/lib/gcc/*/*/include -isystem/home/omarerc/Documents/projects/wrt/openwrt/staging_dir/toolchain-aarch64_cortex-a53_gcc-14.2.0_musl/usr/include -isystem/home/omarerc/Documents/projects/wrt/openwrt/staging_dir/toolchain-aarch64_cortex-a53_gcc-14.2.0_musl/include -isystem/home/omarerc/Documents/projects/wrt/openwrt/staging_dir/toolchain-aarch64_cortex-a53_gcc-14.2.0_musl/include/fortify -I/home/omarerc/Documents/projects/wrt/openwrt/staging_dir/target-aarch64_cortex-a53_musl/bpf-headers/arch/mips/include -I/home/omarerc/Documents/projects/wrt/openwrt/staging_dir/target-aarch64_cortex-a53_musl/bpf-headers/arch/mips/include/asm/mach-generic -I/home/omarerc/Documents/projects/wrt/openwrt/staging_dir/target-aarch64_cortex-a53_musl/bpf-headers/arch/mips/include/generated -I/home/omarerc/Documents/projects/wrt/openwrt/staging_dir/target-aarch64_cortex-a53_musl/bpf-headers/include -I/home/omarerc/Documents/projects/wrt/openwrt/staging_dir/target-aarch64_cortex-a53_musl/bpf-headers/arch/mips/include/uapi -I/home/omarerc/Documents/projects/wrt/openwrt/staging_dir/target-aarch64_cortex-a53_musl/bpf-headers/arch/mips/include/generated/uapi -I/home/omarerc/Documents/projects/wrt/openwrt/staging_dir/target-aarch64_cortex-a53_musl/bpf-headers/include/uapi -I/home/omarerc/Documents/projects/wrt/openwrt/staging_dir/target-aarch64_cortex-a53_musl/bpf-headers/include/generated/uapi -I/home/omarerc/Documents/projects/wrt/openwrt/staging_dir/target-aarch64_cortex-a53_musl/bpf-headers/tools/lib -I/home/omarerc/Documents/projects/wrt/openwrt/staging_dir/target-aarch64_cortex-a53_musl/bpf-headers/tools/testing/selftests -I/home/omarerc/Documents/projects/wrt/openwrt/staging_dir/target-aarch64_cortex-a53_musl/bpf-headers/samples/bpf -include linux/kconfig.h -include asm_goto_workaround.h -I/home/omarerc/Documents/projects/wrt/openwrt/build_dir/target-aarch64_cortex-a53_musl/xdp-tools-1.4.3 -D__KERNEL__ -D__BPF_TRACING__ -DCONFIG_GENERIC_CSUM -D__TARGET_ARCH_mips -mlittle-endian -fno-stack-protector -Wall -Wno-unused-value -Wno-pointer-sign -Wno-compare-distinct-pointer-types -Wno-gnu-variable-sized-type-not-at-end -Wno-address-of-packed-member -Wno-tautological-compare -Wno-unknown-warning-option -fno-asynchronous-unwind-tables -Wno-uninitialized -Wno-unused-variable -Wno-unused-label -O2 -emit-llvm -Xclang -disable-llvm-passes -Wno-error -fno-stack-protector -DBPF_DIR_MNT=\"/sys/fs/bpf\" -DBPF_OBJECT_PATH=\"/usr/lib/bpf\" -DMAX_DISPATCHER_ACTIONS=10 -DTOOLS_VERSION=\""1.4.3"\" -DLIBBPF_VERSION=\"1.4.6\" -DRUNDIR=\"/tmp/run\" -DHAVE_LIBBPF_PERF_BUFFER__CONSUME -DHAVE_LIBBPF_BTF__LOAD_FROM_KERNEL_BY_ID -DHAVE_LIBBPF_BTF__TYPE_CNT -DHAVE_LIBBPF_BPF_OBJECT__NEXT_MAP -DHAVE_LIBBPF_BPF_OBJECT__NEXT_PROGRAM -DHAVE_LIBBPF_BPF_PROGRAM__INSN_CNT -DHAVE_LIBBPF_BPF_PROGRAM__TYPE -DHAVE_LIBBPF_BPF_PROGRAM__FLAGS -DHAVE_LIBBPF_BPF_PROGRAM__EXPECTED_ATTACH_TYPE -DHAVE_LIBBPF_BPF_MAP_CREATE -DHAVE_LIBBPF_PERF_BUFFER__NEW_RAW -DHAVE_LIBBPF_BPF_XDP_ATTACH -DHAVE_LIBBPF_BPF_MAP__SET_AUTOCREATE -DHAVE_LIBBPF_BPF_PROG_TEST_RUN_OPTS -DHAVE_LIBBPF_BPF_XDP_QUERY -DHAVE_SECURE_GETENV -DDEBUG -DLIBBPF_DYNAMIC -D_LARGEFILE64_SOURCE -D_FILE_OFFSET_BITS=64   -I../../headers  \
    -O2 -emit-llvm -c -g -o test_long_func_name.ll test_long_func_name.c
/home/omarerc/Documents/projects/wrt/openwrt/staging_dir/host/llvm-bpf/bin//llc -march=bpfel -mcpu=v3 -filetype=obj -o test_long_func_name.o test_long_func_name.ll
/home/omarerc/Documents/projects/wrt/openwrt/staging_dir/host/llvm-bpf/bin/clang -S \
    -target mips64el-linux-gnu \
    -D __BPF_TRACING__ \
    -Wall \
    -Wno-unused-value \
    -Wno-pointer-sign \
    -Wno-compare-distinct-pointer-types \
    -Werror \
    -Wno-visibility -fno-stack-protector -nostdinc -isystem /home/omarerc/Documents/projects/wrt/openwrt/staging_dir/toolchain-aarch64_cortex-a53_gcc-14.2.0_musl/lib/gcc/*/*/include -isystem/home/omarerc/Documents/projects/wrt/openwrt/staging_dir/toolchain-aarch64_cortex-a53_gcc-14.2.0_musl/usr/include -isystem/home/omarerc/Documents/projects/wrt/openwrt/staging_dir/toolchain-aarch64_cortex-a53_gcc-14.2.0_musl/include -isystem/home/omarerc/Documents/projects/wrt/openwrt/staging_dir/toolchain-aarch64_cortex-a53_gcc-14.2.0_musl/include/fortify -I/home/omarerc/Documents/projects/wrt/openwrt/staging_dir/target-aarch64_cortex-a53_musl/bpf-headers/arch/mips/include -I/home/omarerc/Documents/projects/wrt/openwrt/staging_dir/target-aarch64_cortex-a53_musl/bpf-headers/arch/mips/include/asm/mach-generic -I/home/omarerc/Documents/projects/wrt/openwrt/staging_dir/target-aarch64_cortex-a53_musl/bpf-headers/arch/mips/include/generated -I/home/omarerc/Documents/projects/wrt/openwrt/staging_dir/target-aarch64_cortex-a53_musl/bpf-headers/include -I/home/omarerc/Documents/projects/wrt/openwrt/staging_dir/target-aarch64_cortex-a53_musl/bpf-headers/arch/mips/include/uapi -I/home/omarerc/Documents/projects/wrt/openwrt/staging_dir/target-aarch64_cortex-a53_musl/bpf-headers/arch/mips/include/generated/uapi -I/home/omarerc/Documents/projects/wrt/openwrt/staging_dir/target-aarch64_cortex-a53_musl/bpf-headers/include/uapi -I/home/omarerc/Documents/projects/wrt/openwrt/staging_dir/target-aarch64_cortex-a53_musl/bpf-headers/include/generated/uapi -I/home/omarerc/Documents/projects/wrt/openwrt/staging_dir/target-aarch64_cortex-a53_musl/bpf-headers/tools/lib -I/home/omarerc/Documents/projects/wrt/openwrt/staging_dir/target-aarch64_cortex-a53_musl/bpf-headers/tools/testing/selftests -I/home/omarerc/Documents/projects/wrt/openwrt/staging_dir/target-aarch64_cortex-a53_musl/bpf-headers/samples/bpf -include linux/kconfig.h -include asm_goto_workaround.h -I/home/omarerc/Documents/projects/wrt/openwrt/build_dir/target-aarch64_cortex-a53_musl/xdp-tools-1.4.3 -D__KERNEL__ -D__BPF_TRACING__ -DCONFIG_GENERIC_CSUM -D__TARGET_ARCH_mips -mlittle-endian -fno-stack-protector -Wall -Wno-unused-value -Wno-pointer-sign -Wno-compare-distinct-pointer-types -Wno-gnu-variable-sized-type-not-at-end -Wno-address-of-packed-member -Wno-tautological-compare -Wno-unknown-warning-option -fno-asynchronous-unwind-tables -Wno-uninitialized -Wno-unused-variable -Wno-unused-label -O2 -emit-llvm -Xclang -disable-llvm-passes -Wno-error -fno-stack-protector -DBPF_DIR_MNT=\"/sys/fs/bpf\" -DBPF_OBJECT_PATH=\"/usr/lib/bpf\" -DMAX_DISPATCHER_ACTIONS=10 -DTOOLS_VERSION=\""1.4.3"\" -DLIBBPF_VERSION=\"1.4.6\" -DRUNDIR=\"/tmp/run\" -DHAVE_LIBBPF_PERF_BUFFER__CONSUME -DHAVE_LIBBPF_BTF__LOAD_FROM_KERNEL_BY_ID -DHAVE_LIBBPF_BTF__TYPE_CNT -DHAVE_LIBBPF_BPF_OBJECT__NEXT_MAP -DHAVE_LIBBPF_BPF_OBJECT__NEXT_PROGRAM -DHAVE_LIBBPF_BPF_PROGRAM__INSN_CNT -DHAVE_LIBBPF_BPF_PROGRAM__TYPE -DHAVE_LIBBPF_BPF_PROGRAM__FLAGS -DHAVE_LIBBPF_BPF_PROGRAM__EXPECTED_ATTACH_TYPE -DHAVE_LIBBPF_BPF_MAP_CREATE -DHAVE_LIBBPF_PERF_BUFFER__NEW_RAW -DHAVE_LIBBPF_BPF_XDP_ATTACH -DHAVE_LIBBPF_BPF_MAP__SET_AUTOCREATE -DHAVE_LIBBPF_BPF_PROG_TEST_RUN_OPTS -DHAVE_LIBBPF_BPF_XDP_QUERY -DHAVE_SECURE_GETENV -DDEBUG -DLIBBPF_DYNAMIC -D_LARGEFILE64_SOURCE -D_FILE_OFFSET_BITS=64   -nostdinc -isystem /home/omarerc/Documents/projects/wrt/openwrt/staging_dir/toolchain-aarch64_cortex-a53_gcc-14.2.0_musl/lib/gcc/*/*/include -isystem/home/omarerc/Documents/projects/wrt/openwrt/staging_dir/toolchain-aarch64_cortex-a53_gcc-14.2.0_musl/usr/include -isystem/home/omarerc/Documents/projects/wrt/openwrt/staging_dir/toolchain-aarch64_cortex-a53_gcc-14.2.0_musl/include -isystem/home/omarerc/Documents/projects/wrt/openwrt/staging_dir/toolchain-aarch64_cortex-a53_gcc-14.2.0_musl/include/fortify -I/home/omarerc/Documents/projects/wrt/openwrt/staging_dir/target-aarch64_cortex-a53_musl/bpf-headers/arch/mips/include -I/home/omarerc/Documents/projects/wrt/openwrt/staging_dir/target-aarch64_cortex-a53_musl/bpf-headers/arch/mips/include/asm/mach-generic -I/home/omarerc/Documents/projects/wrt/openwrt/staging_dir/target-aarch64_cortex-a53_musl/bpf-headers/arch/mips/include/generated -I/home/omarerc/Documents/projects/wrt/openwrt/staging_dir/target-aarch64_cortex-a53_musl/bpf-headers/include -I/home/omarerc/Documents/projects/wrt/openwrt/staging_dir/target-aarch64_cortex-a53_musl/bpf-headers/arch/mips/include/uapi -I/home/omarerc/Documents/projects/wrt/openwrt/staging_dir/target-aarch64_cortex-a53_musl/bpf-headers/arch/mips/include/generated/uapi -I/home/omarerc/Documents/projects/wrt/openwrt/staging_dir/target-aarch64_cortex-a53_musl/bpf-headers/include/uapi -I/home/omarerc/Documents/projects/wrt/openwrt/staging_dir/target-aarch64_cortex-a53_musl/bpf-headers/include/generated/uapi -I/home/omarerc/Documents/projects/wrt/openwrt/staging_dir/target-aarch64_cortex-a53_musl/bpf-headers/tools/lib -I/home/omarerc/Documents/projects/wrt/openwrt/staging_dir/target-aarch64_cortex-a53_musl/bpf-headers/tools/testing/selftests -I/home/omarerc/Documents/projects/wrt/openwrt/staging_dir/target-aarch64_cortex-a53_musl/bpf-headers/samples/bpf -include linux/kconfig.h -include asm_goto_workaround.h -I/home/omarerc/Documents/projects/wrt/openwrt/build_dir/target-aarch64_cortex-a53_musl/xdp-tools-1.4.3 -D__KERNEL__ -D__BPF_TRACING__ -DCONFIG_GENERIC_CSUM -D__TARGET_ARCH_mips -mlittle-endian -fno-stack-protector -Wall -Wno-unused-value -Wno-pointer-sign -Wno-compare-distinct-pointer-types -Wno-gnu-variable-sized-type-not-at-end -Wno-address-of-packed-member -Wno-tautological-compare -Wno-unknown-warning-option -fno-asynchronous-unwind-tables -Wno-uninitialized -Wno-unused-variable -Wno-unused-label -O2 -emit-llvm -Xclang -disable-llvm-passes -Wno-error -fno-stack-protector -DBPF_DIR_MNT=\"/sys/fs/bpf\" -DBPF_OBJECT_PATH=\"/usr/lib/bpf\" -DMAX_DISPATCHER_ACTIONS=10 -DTOOLS_VERSION=\""1.4.3"\" -DLIBBPF_VERSION=\"1.4.6\" -DRUNDIR=\"/tmp/run\" -DHAVE_LIBBPF_PERF_BUFFER__CONSUME -DHAVE_LIBBPF_BTF__LOAD_FROM_KERNEL_BY_ID -DHAVE_LIBBPF_BTF__TYPE_CNT -DHAVE_LIBBPF_BPF_OBJECT__NEXT_MAP -DHAVE_LIBBPF_BPF_OBJECT__NEXT_PROGRAM -DHAVE_LIBBPF_BPF_PROGRAM__INSN_CNT -DHAVE_LIBBPF_BPF_PROGRAM__TYPE -DHAVE_LIBBPF_BPF_PROGRAM__FLAGS -DHAVE_LIBBPF_BPF_PROGRAM__EXPECTED_ATTACH_TYPE -DHAVE_LIBBPF_BPF_MAP_CREATE -DHAVE_LIBBPF_PERF_BUFFER__NEW_RAW -DHAVE_LIBBPF_BPF_XDP_ATTACH -DHAVE_LIBBPF_BPF_MAP__SET_AUTOCREATE -DHAVE_LIBBPF_BPF_PROG_TEST_RUN_OPTS -DHAVE_LIBBPF_BPF_XDP_QUERY -DHAVE_SECURE_GETENV -DDEBUG -DLIBBPF_DYNAMIC -D_LARGEFILE64_SOURCE -D_FILE_OFFSET_BITS=64   -I../../headers  \
    -O2 -emit-llvm -c -g -o xdp_drop.ll xdp_drop.c
/home/omarerc/Documents/projects/wrt/openwrt/staging_dir/host/llvm-bpf/bin//llc -march=bpfel -mcpu=v3 -filetype=obj -o xdp_drop.o xdp_drop.ll
/home/omarerc/Documents/projects/wrt/openwrt/staging_dir/host/llvm-bpf/bin/clang -S \
    -target mips64el-linux-gnu \
    -D __BPF_TRACING__ \
    -Wall \
    -Wno-unused-value \
    -Wno-pointer-sign \
    -Wno-compare-distinct-pointer-types \
    -Werror \
    -Wno-visibility -fno-stack-protector -nostdinc -isystem /home/omarerc/Documents/projects/wrt/openwrt/staging_dir/toolchain-aarch64_cortex-a53_gcc-14.2.0_musl/lib/gcc/*/*/include -isystem/home/omarerc/Documents/projects/wrt/openwrt/staging_dir/toolchain-aarch64_cortex-a53_gcc-14.2.0_musl/usr/include -isystem/home/omarerc/Documents/projects/wrt/openwrt/staging_dir/toolchain-aarch64_cortex-a53_gcc-14.2.0_musl/include -isystem/home/omarerc/Documents/projects/wrt/openwrt/staging_dir/toolchain-aarch64_cortex-a53_gcc-14.2.0_musl/include/fortify -I/home/omarerc/Documents/projects/wrt/openwrt/staging_dir/target-aarch64_cortex-a53_musl/bpf-headers/arch/mips/include -I/home/omarerc/Documents/projects/wrt/openwrt/staging_dir/target-aarch64_cortex-a53_musl/bpf-headers/arch/mips/include/asm/mach-generic -I/home/omarerc/Documents/projects/wrt/openwrt/staging_dir/target-aarch64_cortex-a53_musl/bpf-headers/arch/mips/include/generated -I/home/omarerc/Documents/projects/wrt/openwrt/staging_dir/target-aarch64_cortex-a53_musl/bpf-headers/include -I/home/omarerc/Documents/projects/wrt/openwrt/staging_dir/target-aarch64_cortex-a53_musl/bpf-headers/arch/mips/include/uapi -I/home/omarerc/Documents/projects/wrt/openwrt/staging_dir/target-aarch64_cortex-a53_musl/bpf-headers/arch/mips/include/generated/uapi -I/home/omarerc/Documents/projects/wrt/openwrt/staging_dir/target-aarch64_cortex-a53_musl/bpf-headers/include/uapi -I/home/omarerc/Documents/projects/wrt/openwrt/staging_dir/target-aarch64_cortex-a53_musl/bpf-headers/include/generated/uapi -I/home/omarerc/Documents/projects/wrt/openwrt/staging_dir/target-aarch64_cortex-a53_musl/bpf-headers/tools/lib -I/home/omarerc/Documents/projects/wrt/openwrt/staging_dir/target-aarch64_cortex-a53_musl/bpf-headers/tools/testing/selftests -I/home/omarerc/Documents/projects/wrt/openwrt/staging_dir/target-aarch64_cortex-a53_musl/bpf-headers/samples/bpf -include linux/kconfig.h -include asm_goto_workaround.h -I/home/omarerc/Documents/projects/wrt/openwrt/build_dir/target-aarch64_cortex-a53_musl/xdp-tools-1.4.3 -D__KERNEL__ -D__BPF_TRACING__ -DCONFIG_GENERIC_CSUM -D__TARGET_ARCH_mips -mlittle-endian -fno-stack-protector -Wall -Wno-unused-value -Wno-pointer-sign -Wno-compare-distinct-pointer-types -Wno-gnu-variable-sized-type-not-at-end -Wno-address-of-packed-member -Wno-tautological-compare -Wno-unknown-warning-option -fno-asynchronous-unwind-tables -Wno-uninitialized -Wno-unused-variable -Wno-unused-label -O2 -emit-llvm -Xclang -disable-llvm-passes -Wno-error -fno-stack-protector -DBPF_DIR_MNT=\"/sys/fs/bpf\" -DBPF_OBJECT_PATH=\"/usr/lib/bpf\" -DMAX_DISPATCHER_ACTIONS=10 -DTOOLS_VERSION=\""1.4.3"\" -DLIBBPF_VERSION=\"1.4.6\" -DRUNDIR=\"/tmp/run\" -DHAVE_LIBBPF_PERF_BUFFER__CONSUME -DHAVE_LIBBPF_BTF__LOAD_FROM_KERNEL_BY_ID -DHAVE_LIBBPF_BTF__TYPE_CNT -DHAVE_LIBBPF_BPF_OBJECT__NEXT_MAP -DHAVE_LIBBPF_BPF_OBJECT__NEXT_PROGRAM -DHAVE_LIBBPF_BPF_PROGRAM__INSN_CNT -DHAVE_LIBBPF_BPF_PROGRAM__TYPE -DHAVE_LIBBPF_BPF_PROGRAM__FLAGS -DHAVE_LIBBPF_BPF_PROGRAM__EXPECTED_ATTACH_TYPE -DHAVE_LIBBPF_BPF_MAP_CREATE -DHAVE_LIBBPF_PERF_BUFFER__NEW_RAW -DHAVE_LIBBPF_BPF_XDP_ATTACH -DHAVE_LIBBPF_BPF_MAP__SET_AUTOCREATE -DHAVE_LIBBPF_BPF_PROG_TEST_RUN_OPTS -DHAVE_LIBBPF_BPF_XDP_QUERY -DHAVE_SECURE_GETENV -DDEBUG -DLIBBPF_DYNAMIC -D_LARGEFILE64_SOURCE -D_FILE_OFFSET_BITS=64   -nostdinc -isystem /home/omarerc/Documents/projects/wrt/openwrt/staging_dir/toolchain-aarch64_cortex-a53_gcc-14.2.0_musl/lib/gcc/*/*/include -isystem/home/omarerc/Documents/projects/wrt/openwrt/staging_dir/toolchain-aarch64_cortex-a53_gcc-14.2.0_musl/usr/include -isystem/home/omarerc/Documents/projects/wrt/openwrt/staging_dir/toolchain-aarch64_cortex-a53_gcc-14.2.0_musl/include -isystem/home/omarerc/Documents/projects/wrt/openwrt/staging_dir/toolchain-aarch64_cortex-a53_gcc-14.2.0_musl/include/fortify -I/home/omarerc/Documents/projects/wrt/openwrt/staging_dir/target-aarch64_cortex-a53_musl/bpf-headers/arch/mips/include -I/home/omarerc/Documents/projects/wrt/openwrt/staging_dir/target-aarch64_cortex-a53_musl/bpf-headers/arch/mips/include/asm/mach-generic -I/home/omarerc/Documents/projects/wrt/openwrt/staging_dir/target-aarch64_cortex-a53_musl/bpf-headers/arch/mips/include/generated -I/home/omarerc/Documents/projects/wrt/openwrt/staging_dir/target-aarch64_cortex-a53_musl/bpf-headers/include -I/home/omarerc/Documents/projects/wrt/openwrt/staging_dir/target-aarch64_cortex-a53_musl/bpf-headers/arch/mips/include/uapi -I/home/omarerc/Documents/projects/wrt/openwrt/staging_dir/target-aarch64_cortex-a53_musl/bpf-headers/arch/mips/include/generated/uapi -I/home/omarerc/Documents/projects/wrt/openwrt/staging_dir/target-aarch64_cortex-a53_musl/bpf-headers/include/uapi -I/home/omarerc/Documents/projects/wrt/openwrt/staging_dir/target-aarch64_cortex-a53_musl/bpf-headers/include/generated/uapi -I/home/omarerc/Documents/projects/wrt/openwrt/staging_dir/target-aarch64_cortex-a53_musl/bpf-headers/tools/lib -I/home/omarerc/Documents/projects/wrt/openwrt/staging_dir/target-aarch64_cortex-a53_musl/bpf-headers/tools/testing/selftests -I/home/omarerc/Documents/projects/wrt/openwrt/staging_dir/target-aarch64_cortex-a53_musl/bpf-headers/samples/bpf -include linux/kconfig.h -include asm_goto_workaround.h -I/home/omarerc/Documents/projects/wrt/openwrt/build_dir/target-aarch64_cortex-a53_musl/xdp-tools-1.4.3 -D__KERNEL__ -D__BPF_TRACING__ -DCONFIG_GENERIC_CSUM -D__TARGET_ARCH_mips -mlittle-endian -fno-stack-protector -Wall -Wno-unused-value -Wno-pointer-sign -Wno-compare-distinct-pointer-types -Wno-gnu-variable-sized-type-not-at-end -Wno-address-of-packed-member -Wno-tautological-compare -Wno-unknown-warning-option -fno-asynchronous-unwind-tables -Wno-uninitialized -Wno-unused-variable -Wno-unused-label -O2 -emit-llvm -Xclang -disable-llvm-passes -Wno-error -fno-stack-protector -DBPF_DIR_MNT=\"/sys/fs/bpf\" -DBPF_OBJECT_PATH=\"/usr/lib/bpf\" -DMAX_DISPATCHER_ACTIONS=10 -DTOOLS_VERSION=\""1.4.3"\" -DLIBBPF_VERSION=\"1.4.6\" -DRUNDIR=\"/tmp/run\" -DHAVE_LIBBPF_PERF_BUFFER__CONSUME -DHAVE_LIBBPF_BTF__LOAD_FROM_KERNEL_BY_ID -DHAVE_LIBBPF_BTF__TYPE_CNT -DHAVE_LIBBPF_BPF_OBJECT__NEXT_MAP -DHAVE_LIBBPF_BPF_OBJECT__NEXT_PROGRAM -DHAVE_LIBBPF_BPF_PROGRAM__INSN_CNT -DHAVE_LIBBPF_BPF_PROGRAM__TYPE -DHAVE_LIBBPF_BPF_PROGRAM__FLAGS -DHAVE_LIBBPF_BPF_PROGRAM__EXPECTED_ATTACH_TYPE -DHAVE_LIBBPF_BPF_MAP_CREATE -DHAVE_LIBBPF_PERF_BUFFER__NEW_RAW -DHAVE_LIBBPF_BPF_XDP_ATTACH -DHAVE_LIBBPF_BPF_MAP__SET_AUTOCREATE -DHAVE_LIBBPF_BPF_PROG_TEST_RUN_OPTS -DHAVE_LIBBPF_BPF_XDP_QUERY -DHAVE_SECURE_GETENV -DDEBUG -DLIBBPF_DYNAMIC -D_LARGEFILE64_SOURCE -D_FILE_OFFSET_BITS=64   -I../../headers  \
    -O2 -emit-llvm -c -g -o xdp_pass.ll xdp_pass.c
/home/omarerc/Documents/projects/wrt/openwrt/staging_dir/host/llvm-bpf/bin//llc -march=bpfel -mcpu=v3 -filetype=obj -o xdp_pass.o xdp_pass.ll
aarch64-openwrt-linux-musl-gcc -Wall -Os -pipe -mcpu=cortex-a53 -fno-caller-saves -fno-plt -fhonour-copts -fmacro-prefix-map=/home/omarerc/Documents/projects/wrt/openwrt/build_dir/target-aarch64_cortex-a53_musl/xdp-tools-1.4.3=xdp-tools-1.4.3 -Wformat -Werror=format-security -fstack-protector -D_FORTIFY_SOURCE=1 -Wl,-z,now -Wl,-z,relro    -I/home/omarerc/Documents/projects/wrt/openwrt/staging_dir/toolchain-aarch64_cortex-a53_gcc-14.2.0_musl/usr/include -I/home/omarerc/Documents/projects/wrt/openwrt/staging_dir/toolchain-aarch64_cortex-a53_gcc-14.2.0_musl/include -I/home/omarerc/Documents/projects/wrt/openwrt/staging_dir/toolchain-aarch64_cortex-a53_gcc-14.2.0_musl/include/fortify    -I/home/omarerc/Documents/projects/wrt/openwrt/staging_dir/target-aarch64_cortex-a53_musl/usr/include -I/home/omarerc/Documents/projects/wrt/openwrt/staging_dir/target-aarch64_cortex-a53_musl/usr/include -std=gnu11 -Wextra -Werror -DBPF_DIR_MNT=\"/sys/fs/bpf\" -DBPF_OBJECT_PATH=\"/usr/lib/bpf\" -DMAX_DISPATCHER_ACTIONS=10 -DTOOLS_VERSION=\""1.4.3"\" -DLIBBPF_VERSION=\"1.4.6\" -DRUNDIR=\"/tmp/run\" -DHAVE_LIBBPF_PERF_BUFFER__CONSUME -DHAVE_LIBBPF_BTF__LOAD_FROM_KERNEL_BY_ID -DHAVE_LIBBPF_BTF__TYPE_CNT -DHAVE_LIBBPF_BPF_OBJECT__NEXT_MAP -DHAVE_LIBBPF_BPF_OBJECT__NEXT_PROGRAM -DHAVE_LIBBPF_BPF_PROGRAM__INSN_CNT -DHAVE_LIBBPF_BPF_PROGRAM__TYPE -DHAVE_LIBBPF_BPF_PROGRAM__FLAGS -DHAVE_LIBBPF_BPF_PROGRAM__EXPECTED_ATTACH_TYPE -DHAVE_LIBBPF_BPF_MAP_CREATE -DHAVE_LIBBPF_PERF_BUFFER__NEW_RAW -DHAVE_LIBBPF_BPF_XDP_ATTACH -DHAVE_LIBBPF_BPF_MAP__SET_AUTOCREATE -DHAVE_LIBBPF_BPF_PROG_TEST_RUN_OPTS -DHAVE_LIBBPF_BPF_XDP_QUERY -DHAVE_SECURE_GETENV -DDEBUG -DLIBBPF_DYNAMIC -D_LARGEFILE64_SOURCE -D_FILE_OFFSET_BITS=64  -I/home/omarerc/Documents/projects/wrt/openwrt/staging_dir/target-aarch64_cortex-a53_musl/usr/include -std=gnu11 -Wextra -Werror -DBPF_DIR_MNT=\"/sys/fs/bpf\" -DBPF_OBJECT_PATH=\"/usr/lib/bpf\" -DMAX_DISPATCHER_ACTIONS=10 -DTOOLS_VERSION=\""1.4.3"\" -DLIBBPF_VERSION=\"1.4.6\" -DRUNDIR=\"/tmp/run\" -DHAVE_LIBBPF_PERF_BUFFER__CONSUME -DHAVE_LIBBPF_BTF__LOAD_FROM_KERNEL_BY_ID -DHAVE_LIBBPF_BTF__TYPE_CNT -DHAVE_LIBBPF_BPF_OBJECT__NEXT_MAP -DHAVE_LIBBPF_BPF_OBJECT__NEXT_PROGRAM -DHAVE_LIBBPF_BPF_PROGRAM__INSN_CNT -DHAVE_LIBBPF_BPF_PROGRAM__TYPE -DHAVE_LIBBPF_BPF_PROGRAM__FLAGS -DHAVE_LIBBPF_BPF_PROGRAM__EXPECTED_ATTACH_TYPE -DHAVE_LIBBPF_BPF_MAP_CREATE -DHAVE_LIBBPF_PERF_BUFFER__NEW_RAW -DHAVE_LIBBPF_BPF_XDP_ATTACH -DHAVE_LIBBPF_BPF_MAP__SET_AUTOCREATE -DHAVE_LIBBPF_BPF_PROG_TEST_RUN_OPTS -DHAVE_LIBBPF_BPF_XDP_QUERY -DHAVE_SECURE_GETENV -DDEBUG -DLIBBPF_DYNAMIC -D_LARGEFILE64_SOURCE -D_FILE_OFFSET_BITS=64  -I/home/omarerc/Documents/projects/wrt/openwrt/staging_dir/target-aarch64_cortex-a53_musl/usr/include -std=gnu11 -Wextra -Werror -DBPF_DIR_MNT=\"/sys/fs/bpf\" -DBPF_OBJECT_PATH=\"/usr/lib/bpf\" -DMAX_DISPATCHER_ACTIONS=10 -DTOOLS_VERSION=\""1.4.3"\" -DLIBBPF_VERSION=\"1.4.6\" -DRUNDIR=\"/tmp/run\" -DHAVE_LIBBPF_PERF_BUFFER__CONSUME -DHAVE_LIBBPF_BTF__LOAD_FROM_KERNEL_BY_ID -DHAVE_LIBBPF_BTF__TYPE_CNT -DHAVE_LIBBPF_BPF_OBJECT__NEXT_MAP -DHAVE_LIBBPF_BPF_OBJECT__NEXT_PROGRAM -DHAVE_LIBBPF_BPF_PROGRAM__INSN_CNT -DHAVE_LIBBPF_BPF_PROGRAM__TYPE -DHAVE_LIBBPF_BPF_PROGRAM__FLAGS -DHAVE_LIBBPF_BPF_PROGRAM__EXPECTED_ATTACH_TYPE -DHAVE_LIBBPF_BPF_MAP_CREATE -DHAVE_LIBBPF_PERF_BUFFER__NEW_RAW -DHAVE_LIBBPF_BPF_XDP_ATTACH -DHAVE_LIBBPF_BPF_MAP__SET_AUTOCREATE -DHAVE_LIBBPF_BPF_PROG_TEST_RUN_OPTS -DHAVE_LIBBPF_BPF_XDP_QUERY -DHAVE_SECURE_GETENV -DDEBUG -DLIBBPF_DYNAMIC -D_LARGEFILE64_SOURCE -D_FILE_OFFSET_BITS=64  -I../../headers -I../util   -L/home/omarerc/Documents/projects/wrt/openwrt/staging_dir/toolchain-aarch64_cortex-a53_gcc-14.2.0_musl/usr/lib -L/home/omarerc/Documents/projects/wrt/openwrt/staging_dir/toolchain-aarch64_cortex-a53_gcc-14.2.0_musl/lib -fuse-ld=bfd -znow -zrelro     -L../libxdp -o test-tool ../util/params.o ../util/logging.o ../util/util.o ../util/stats.o ../util/xpcapng.o \
 test-tool.c  -l:libxdp.a  -lm -L/home/omarerc/Documents/projects/wrt/openwrt/staging_dir/target-aarch64_cortex-a53_musl/usr/lib -lbpf -L/home/omarerc/Documents/projects/wrt/openwrt/staging_dir/target-aarch64_cortex-a53_musl/usr/lib -lbpf
make[5]: Leaving directory '/home/omarerc/Documents/projects/wrt/openwrt/build_dir/target-aarch64_cortex-a53_musl/xdp-tools-1.4.3/lib/testing'
make[4]: Leaving directory '/home/omarerc/Documents/projects/wrt/openwrt/build_dir/target-aarch64_cortex-a53_musl/xdp-tools-1.4.3/lib'

xdp-filter
make[4]: Entering directory '/home/omarerc/Documents/projects/wrt/openwrt/build_dir/target-aarch64_cortex-a53_musl/xdp-tools-1.4.3/xdp-filter'
/home/omarerc/Documents/projects/wrt/openwrt/staging_dir/host/llvm-bpf/bin/clang -S \
    -target mips64el-linux-gnu \
    -D __BPF_TRACING__ \
    -Wall \
    -Wno-unused-value \
    -Wno-pointer-sign \
    -Wno-compare-distinct-pointer-types \
    -Werror \
    -Wno-visibility -fno-stack-protector -nostdinc -isystem /home/omarerc/Documents/projects/wrt/openwrt/staging_dir/toolchain-aarch64_cortex-a53_gcc-14.2.0_musl/lib/gcc/*/*/include -isystem/home/omarerc/Documents/projects/wrt/openwrt/staging_dir/toolchain-aarch64_cortex-a53_gcc-14.2.0_musl/usr/include -isystem/home/omarerc/Documents/projects/wrt/openwrt/staging_dir/toolchain-aarch64_cortex-a53_gcc-14.2.0_musl/include -isystem/home/omarerc/Documents/projects/wrt/openwrt/staging_dir/toolchain-aarch64_cortex-a53_gcc-14.2.0_musl/include/fortify -I/home/omarerc/Documents/projects/wrt/openwrt/staging_dir/target-aarch64_cortex-a53_musl/bpf-headers/arch/mips/include -I/home/omarerc/Documents/projects/wrt/openwrt/staging_dir/target-aarch64_cortex-a53_musl/bpf-headers/arch/mips/include/asm/mach-generic -I/home/omarerc/Documents/projects/wrt/openwrt/staging_dir/target-aarch64_cortex-a53_musl/bpf-headers/arch/mips/include/generated -I/home/omarerc/Documents/projects/wrt/openwrt/staging_dir/target-aarch64_cortex-a53_musl/bpf-headers/include -I/home/omarerc/Documents/projects/wrt/openwrt/staging_dir/target-aarch64_cortex-a53_musl/bpf-headers/arch/mips/include/uapi -I/home/omarerc/Documents/projects/wrt/openwrt/staging_dir/target-aarch64_cortex-a53_musl/bpf-headers/arch/mips/include/generated/uapi -I/home/omarerc/Documents/projects/wrt/openwrt/staging_dir/target-aarch64_cortex-a53_musl/bpf-headers/include/uapi -I/home/omarerc/Documents/projects/wrt/openwrt/staging_dir/target-aarch64_cortex-a53_musl/bpf-headers/include/generated/uapi -I/home/omarerc/Documents/projects/wrt/openwrt/staging_dir/target-aarch64_cortex-a53_musl/bpf-headers/tools/lib -I/home/omarerc/Documents/projects/wrt/openwrt/staging_dir/target-aarch64_cortex-a53_musl/bpf-headers/tools/testing/selftests -I/home/omarerc/Documents/projects/wrt/openwrt/staging_dir/target-aarch64_cortex-a53_musl/bpf-headers/samples/bpf -include linux/kconfig.h -include asm_goto_workaround.h -I/home/omarerc/Documents/projects/wrt/openwrt/build_dir/target-aarch64_cortex-a53_musl/xdp-tools-1.4.3 -D__KERNEL__ -D__BPF_TRACING__ -DCONFIG_GENERIC_CSUM -D__TARGET_ARCH_mips -mlittle-endian -fno-stack-protector -Wall -Wno-unused-value -Wno-pointer-sign -Wno-compare-distinct-pointer-types -Wno-gnu-variable-sized-type-not-at-end -Wno-address-of-packed-member -Wno-tautological-compare -Wno-unknown-warning-option -fno-asynchronous-unwind-tables -Wno-uninitialized -Wno-unused-variable -Wno-unused-label -O2 -emit-llvm -Xclang -disable-llvm-passes -Wno-error -fno-stack-protector -DBPF_DIR_MNT=\"/sys/fs/bpf\" -DBPF_OBJECT_PATH=\"/usr/lib/bpf\" -DMAX_DISPATCHER_ACTIONS=10 -DTOOLS_VERSION=\""1.4.3"\" -DLIBBPF_VERSION=\"1.4.6\" -DRUNDIR=\"/tmp/run\" -DHAVE_LIBBPF_PERF_BUFFER__CONSUME -DHAVE_LIBBPF_BTF__LOAD_FROM_KERNEL_BY_ID -DHAVE_LIBBPF_BTF__TYPE_CNT -DHAVE_LIBBPF_BPF_OBJECT__NEXT_MAP -DHAVE_LIBBPF_BPF_OBJECT__NEXT_PROGRAM -DHAVE_LIBBPF_BPF_PROGRAM__INSN_CNT -DHAVE_LIBBPF_BPF_PROGRAM__TYPE -DHAVE_LIBBPF_BPF_PROGRAM__FLAGS -DHAVE_LIBBPF_BPF_PROGRAM__EXPECTED_ATTACH_TYPE -DHAVE_LIBBPF_BPF_MAP_CREATE -DHAVE_LIBBPF_PERF_BUFFER__NEW_RAW -DHAVE_LIBBPF_BPF_XDP_ATTACH -DHAVE_LIBBPF_BPF_MAP__SET_AUTOCREATE -DHAVE_LIBBPF_BPF_PROG_TEST_RUN_OPTS -DHAVE_LIBBPF_BPF_XDP_QUERY -DHAVE_SECURE_GETENV -DDEBUG -DLIBBPF_DYNAMIC -D_LARGEFILE64_SOURCE -D_FILE_OFFSET_BITS=64   -nostdinc -isystem /home/omarerc/Documents/projects/wrt/openwrt/staging_dir/toolchain-aarch64_cortex-a53_gcc-14.2.0_musl/lib/gcc/*/*/include -isystem/home/omarerc/Documents/projects/wrt/openwrt/staging_dir/toolchain-aarch64_cortex-a53_gcc-14.2.0_musl/usr/include -isystem/home/omarerc/Documents/projects/wrt/openwrt/staging_dir/toolchain-aarch64_cortex-a53_gcc-14.2.0_musl/include -isystem/home/omarerc/Documents/projects/wrt/openwrt/staging_dir/toolchain-aarch64_cortex-a53_gcc-14.2.0_musl/include/fortify -I/home/omarerc/Documents/projects/wrt/openwrt/staging_dir/target-aarch64_cortex-a53_musl/bpf-headers/arch/mips/include -I/home/omarerc/Documents/projects/wrt/openwrt/staging_dir/target-aarch64_cortex-a53_musl/bpf-headers/arch/mips/include/asm/mach-generic -I/home/omarerc/Documents/projects/wrt/openwrt/staging_dir/target-aarch64_cortex-a53_musl/bpf-headers/arch/mips/include/generated -I/home/omarerc/Documents/projects/wrt/openwrt/staging_dir/target-aarch64_cortex-a53_musl/bpf-headers/include -I/home/omarerc/Documents/projects/wrt/openwrt/staging_dir/target-aarch64_cortex-a53_musl/bpf-headers/arch/mips/include/uapi -I/home/omarerc/Documents/projects/wrt/openwrt/staging_dir/target-aarch64_cortex-a53_musl/bpf-headers/arch/mips/include/generated/uapi -I/home/omarerc/Documents/projects/wrt/openwrt/staging_dir/target-aarch64_cortex-a53_musl/bpf-headers/include/uapi -I/home/omarerc/Documents/projects/wrt/openwrt/staging_dir/target-aarch64_cortex-a53_musl/bpf-headers/include/generated/uapi -I/home/omarerc/Documents/projects/wrt/openwrt/staging_dir/target-aarch64_cortex-a53_musl/bpf-headers/tools/lib -I/home/omarerc/Documents/projects/wrt/openwrt/staging_dir/target-aarch64_cortex-a53_musl/bpf-headers/tools/testing/selftests -I/home/omarerc/Documents/projects/wrt/openwrt/staging_dir/target-aarch64_cortex-a53_musl/bpf-headers/samples/bpf -include linux/kconfig.h -include asm_goto_workaround.h -I/home/omarerc/Documents/projects/wrt/openwrt/build_dir/target-aarch64_cortex-a53_musl/xdp-tools-1.4.3 -D__KERNEL__ -D__BPF_TRACING__ -DCONFIG_GENERIC_CSUM -D__TARGET_ARCH_mips -mlittle-endian -fno-stack-protector -Wall -Wno-unused-value -Wno-pointer-sign -Wno-compare-distinct-pointer-types -Wno-gnu-variable-sized-type-not-at-end -Wno-address-of-packed-member -Wno-tautological-compare -Wno-unknown-warning-option -fno-asynchronous-unwind-tables -Wno-uninitialized -Wno-unused-variable -Wno-unused-label -O2 -emit-llvm -Xclang -disable-llvm-passes -Wno-error -fno-stack-protector -DBPF_DIR_MNT=\"/sys/fs/bpf\" -DBPF_OBJECT_PATH=\"/usr/lib/bpf\" -DMAX_DISPATCHER_ACTIONS=10 -DTOOLS_VERSION=\""1.4.3"\" -DLIBBPF_VERSION=\"1.4.6\" -DRUNDIR=\"/tmp/run\" -DHAVE_LIBBPF_PERF_BUFFER__CONSUME -DHAVE_LIBBPF_BTF__LOAD_FROM_KERNEL_BY_ID -DHAVE_LIBBPF_BTF__TYPE_CNT -DHAVE_LIBBPF_BPF_OBJECT__NEXT_MAP -DHAVE_LIBBPF_BPF_OBJECT__NEXT_PROGRAM -DHAVE_LIBBPF_BPF_PROGRAM__INSN_CNT -DHAVE_LIBBPF_BPF_PROGRAM__TYPE -DHAVE_LIBBPF_BPF_PROGRAM__FLAGS -DHAVE_LIBBPF_BPF_PROGRAM__EXPECTED_ATTACH_TYPE -DHAVE_LIBBPF_BPF_MAP_CREATE -DHAVE_LIBBPF_PERF_BUFFER__NEW_RAW -DHAVE_LIBBPF_BPF_XDP_ATTACH -DHAVE_LIBBPF_BPF_MAP__SET_AUTOCREATE -DHAVE_LIBBPF_BPF_PROG_TEST_RUN_OPTS -DHAVE_LIBBPF_BPF_XDP_QUERY -DHAVE_SECURE_GETENV -DDEBUG -DLIBBPF_DYNAMIC -D_LARGEFILE64_SOURCE -D_FILE_OFFSET_BITS=64   -I../lib/../headers  \
    -O2 -emit-llvm -c -g -o xdpfilt_dny_udp.ll xdpfilt_dny_udp.c
In file included from xdpfilt_dny_udp.c:10:
In file included from ./xdpfilt_prog.h:21:
../lib/../headers/xdp/parsing_helpers.h:91:11: error: arithmetic on a pointer to an incomplete type 'struct vlan_hdr'
   91 |                 if (vlh + 1 > data_end)
      |                     ~~~ ^
../lib/../headers/xdp/parsing_helpers.h:71:9: note: forward declaration of 'struct vlan_hdr'
   71 |         struct vlan_hdr *vlh;
      |                ^
../lib/../headers/xdp/parsing_helpers.h:94:16: error: incomplete definition of type 'struct vlan_hdr'
   94 |                 h_proto = vlh->h_vlan_encapsulated_proto;
      |                           ~~~^
../lib/../headers/xdp/parsing_helpers.h:71:9: note: forward declaration of 'struct vlan_hdr'
   71 |         struct vlan_hdr *vlh;
      |                ^
../lib/../headers/xdp/parsing_helpers.h:95:6: error: arithmetic on a pointer to an incomplete type 'struct vlan_hdr'
   95 |                 vlh++;
      |                 ~~~^
../lib/../headers/xdp/parsing_helpers.h:71:9: note: forward declaration of 'struct vlan_hdr'
   71 |         struct vlan_hdr *vlh;
      |                ^
3 errors generated.
make[4]: *** [../lib/common.mk:111: xdpfilt_dny_udp.o] Error 1
make[4]: Leaving directory '/home/omarerc/Documents/projects/wrt/openwrt/build_dir/target-aarch64_cortex-a53_musl/xdp-tools-1.4.3/xdp-filter'
make[3]: *** [Makefile:40: xdp-filter] Error 2
make[3]: Leaving directory '/home/omarerc/Documents/projects/wrt/openwrt/build_dir/target-aarch64_cortex-a53_musl/xdp-tools-1.4.3'
make[2]: *** [Makefile:144: /home/omarerc/Documents/projects/wrt/openwrt/build_dir/target-aarch64_cortex-a53_musl/xdp-tools-1.4.3/.built] Error 2
make[2]: Leaving directory '/home/omarerc/Documents/projects/wrt/openwrt/package/network/utils/xdp-tools'
time: package/network/utils/xdp-tools/compile#4.11#0.53#4.66
    ERROR: package/network/utils/xdp-tools failed to build.
make[1]: *** [package/Makefile:177: package/network/utils/xdp-tools/compile] Error 1
make[1]: Leaving directory '/home/omarerc/Documents/projects/wrt/openwrt'
make: *** [/home/omarerc/Documents/projects/wrt/openwrt/include/toplevel.mk:248: package/network/utils/xdp-tools/compile] Error 2
omarerc@ubuntu-24:~/Documents/projects/wrt/openwrt$